2025-12-05 12:19:35.130  INFO 11328 --- [restartedMain] com.instagram.BackEndApplication         : Starting BackEndApplication using Java 21.0.8 with PID 11328 (E:\취업준비\더조은컴퓨터_KDT_강의내용\instagram-clone\back-end\build\classes\java\main started by emma1 in E:\취업준비\더조은컴퓨터_KDT_강의내용\instagram-clone\back-end)
2025-12-05 12:19:35.133  INFO 11328 --- [restartedMain] com.instagram.BackEndApplication         : No active profile set, falling back to 1 default profile: "default"
2025-12-05 12:19:35.189  INFO 11328 --- [restartedMain] .e.DevToolsPropertyDefaultsPostProcessor : Devtools property defaults active! Set 'spring.devtools.add-properties' to 'false' to disable
2025-12-05 12:19:35.189  INFO 11328 --- [restartedMain] .e.DevToolsPropertyDefaultsPostProcessor : For additional web related logging consider setting the 'logging.level.web' property to 'DEBUG'
2025-12-05 12:19:36.326  INFO 11328 --- [restartedMain] .s.d.r.c.RepositoryConfigurationDelegate : Bootstrapping Spring Data JPA repositories in DEFAULT mode.
2025-12-05 12:19:36.344  INFO 11328 --- [restartedMain] .s.d.r.c.RepositoryConfigurationDelegate : Finished Spring Data repository scanning in 9 ms. Found 0 JPA repository interfaces.
2025-12-05 12:19:37.307  INFO 11328 --- [restartedMain] o.s.b.w.embedded.tomcat.TomcatWebServer  : Tomcat initialized with port 9000 (http)
2025-12-05 12:19:37.320  INFO 11328 --- [restartedMain] o.apache.catalina.core.StandardService   : Starting service [Tomcat]
2025-12-05 12:19:37.320  INFO 11328 --- [restartedMain] o.apache.catalina.core.StandardEngine    : Starting Servlet engine: [Apache Tomcat/10.1.33]
2025-12-05 12:19:37.381  INFO 11328 --- [restartedMain] o.a.c.c.C.[Tomcat].[localhost].[/]       : Initializing Spring embedded WebApplicationContext
2025-12-05 12:19:37.382  INFO 11328 --- [restartedMain] w.s.c.ServletWebServerApplicationContext : Root WebApplicationContext: initialization completed in 2191 ms
2025-12-05 12:19:37.755  INFO 11328 --- [restartedMain] o.hibernate.jpa.internal.util.LogHelper  : HHH000204: Processing PersistenceUnitInfo [name: default]
2025-12-05 12:19:37.802  INFO 11328 --- [restartedMain] org.hibernate.Version                    : HHH000412: Hibernate ORM core version 6.6.2.Final
2025-12-05 12:19:37.833  INFO 11328 --- [restartedMain] o.h.c.internal.RegionFactoryInitiator    : HHH000026: Second-level cache disabled
2025-12-05 12:19:38.093  INFO 11328 --- [restartedMain] o.s.o.j.p.SpringPersistenceUnitInfo      : No LoadTimeWeaver setup: ignoring JPA class transformer
2025-12-05 12:19:38.122  INFO 11328 --- [restartedMain] com.zaxxer.hikari.HikariDataSource       : MyHikariCP - Starting...
2025-12-05 12:19:38.312  INFO 11328 --- [restartedMain] com.zaxxer.hikari.pool.HikariPool        : MyHikariCP - Added connection org.postgresql.jdbc.PgConnection@54f08cbc
2025-12-05 12:19:38.313  INFO 11328 --- [restartedMain] com.zaxxer.hikari.HikariDataSource       : MyHikariCP - Start completed.
2025-12-05 12:19:38.384  INFO 11328 --- [restartedMain] org.hibernate.orm.connections.pooling    : HHH10001005: Database info:
	Database JDBC URL [Connecting through datasource 'HikariDataSource (MyHikariCP)']
	Database driver: undefined/unknown
	Database version: 18.1
	Autocommit mode: undefined/unknown
	Isolation level: undefined/unknown
	Minimum pool size: undefined/unknown
	Maximum pool size: undefined/unknown
2025-12-05 12:19:38.708  INFO 11328 --- [restartedMain] o.h.e.t.j.p.i.JtaPlatformInitiator       : HHH000489: No JTA platform available (set 'hibernate.transaction.jta.platform' to enable JTA platform integration)
2025-12-05 12:19:38.714  INFO 11328 --- [restartedMain] j.LocalContainerEntityManagerFactoryBean : Initialized JPA EntityManagerFactory for persistence unit 'default'
2025-12-05 12:19:39.192  WARN 11328 --- [restartedMain] JpaBaseConfiguration$JpaWebConfiguration : spring.jpa.open-in-view is enabled by default. Therefore, database queries may be performed during view rendering. Explicitly configure spring.jpa.open-in-view to disable this warning
2025-12-05 12:19:39.297  WARN 11328 --- [restartedMain] .s.s.UserDetailsServiceAutoConfiguration : 

Using generated security password: d3729108-084f-48c9-b042-f79164526db4

This generated password is for development use only. Your security configuration must be updated before running your application in production.

2025-12-05 12:19:39.306  INFO 11328 --- [restartedMain] r$InitializeUserDetailsManagerConfigurer : Global AuthenticationManager configured with UserDetailsService bean with name inMemoryUserDetailsManager
2025-12-05 12:19:40.167  WARN 11328 --- [restartedMain] ion$DefaultTemplateResolverConfiguration : Cannot find template location: classpath:/templates/ (please add some templates, check your Thymeleaf configuration, or set spring.thymeleaf.check-template-location=false)
2025-12-05 12:19:41.059  INFO 11328 --- [restartedMain] o.s.b.a.e.web.EndpointLinksResolver      : Exposing 1 endpoint beneath base path '/actuator'
2025-12-05 12:19:41.182  INFO 11328 --- [restartedMain] o.s.b.d.a.OptionalLiveReloadServer       : LiveReload server is running on port 35729
2025-12-05 12:19:41.250  INFO 11328 --- [restartedMain] o.s.m.s.b.SimpleBrokerMessageHandler     : Starting...
2025-12-05 12:19:41.251  INFO 11328 --- [restartedMain] o.s.m.s.b.SimpleBrokerMessageHandler     : BrokerAvailabilityEvent[available=true, SimpleBrokerMessageHandler [org.springframework.messaging.simp.broker.DefaultSubscriptionRegistry@2085682e]]
2025-12-05 12:19:41.251  INFO 11328 --- [restartedMain] o.s.m.s.b.SimpleBrokerMessageHandler     : Started.
2025-12-05 12:19:41.270  INFO 11328 --- [restartedMain] o.s.b.w.embedded.tomcat.TomcatWebServer  : Tomcat started on port 9000 (http) with context path '/'
2025-12-05 12:19:41.285  INFO 11328 --- [restartedMain] com.instagram.BackEndApplication         : Started BackEndApplication in 6.855 seconds (process running for 8.201)
2025-12-05 12:19:41.631  INFO 11328 --- [RMI TCP Connection(2)-192.168.1.103] o.a.c.c.C.[Tomcat].[localhost].[/]       : Initializing Spring DispatcherServlet 'dispatcherServlet'
2025-12-05 12:19:41.632  INFO 11328 --- [RMI TCP Connection(2)-192.168.1.103] o.s.web.servlet.DispatcherServlet        : Initializing Servlet 'dispatcherServlet'
2025-12-05 12:19:41.636  INFO 11328 --- [RMI TCP Connection(2)-192.168.1.103] o.s.web.servlet.DispatcherServlet        : Completed initialization in 4 ms
2025-12-05 12:20:41.220  INFO 11328 --- [MessageBroker-1] o.s.w.s.c.WebSocketMessageBrokerStats    : WebSocketSession[0 current WS(0)-HttpStream(0)-HttpPoll(0), 0 total, 0 closed abnormally (0 connect failure, 0 send limit, 0 transport error)], stompSubProtocol[processed CONNECT(0)-CONNECTED(0)-DISCONNECT(0)], stompBrokerRelay[null], inboundChannel[pool size = 0, active threads = 0, queued tasks = 0, completed tasks = 0], outboundChannel[pool size = 0, active threads = 0, queued tasks = 0, completed tasks = 0], sockJsScheduler[pool size = 1, active threads = 1, queued tasks = 0, completed tasks = 0]
2025-12-05 12:50:41.226  INFO 11328 --- [MessageBroker-1] o.s.w.s.c.WebSocketMessageBrokerStats    : WebSocketSession[0 current WS(0)-HttpStream(0)-HttpPoll(0), 0 total, 0 closed abnormally (0 connect failure, 0 send limit, 0 transport error)], stompSubProtocol[processed CONNECT(0)-CONNECTED(0)-DISCONNECT(0)], stompBrokerRelay[null], inboundChannel[pool size = 0, active threads = 0, queued tasks = 0, completed tasks = 0], outboundChannel[pool size = 0, active threads = 0, queued tasks = 0, completed tasks = 0], sockJsScheduler[pool size = 2, active threads = 1, queued tasks = 0, completed tasks = 1]
2025-12-05 13:20:41.238  INFO 11328 --- [MessageBroker-1] o.s.w.s.c.WebSocketMessageBrokerStats    : WebSocketSession[0 current WS(0)-HttpStream(0)-HttpPoll(0), 0 total, 0 closed abnormally (0 connect failure, 0 send limit, 0 transport error)], stompSubProtocol[processed CONNECT(0)-CONNECTED(0)-DISCONNECT(0)], stompBrokerRelay[null], inboundChannel[pool size = 0, active threads = 0, queued tasks = 0, completed tasks = 0], outboundChannel[pool size = 0, active threads = 0, queued tasks = 0, completed tasks = 0], sockJsScheduler[pool size = 3, active threads = 1, queued tasks = 0, completed tasks = 2]
2025-12-05 13:50:41.244  INFO 11328 --- [MessageBroker-3] o.s.w.s.c.WebSocketMessageBrokerStats    : WebSocketSession[0 current WS(0)-HttpStream(0)-HttpPoll(0), 0 total, 0 closed abnormally (0 connect failure, 0 send limit, 0 transport error)], stompSubProtocol[processed CONNECT(0)-CONNECTED(0)-DISCONNECT(0)], stompBrokerRelay[null], inboundChannel[pool size = 0, active threads = 0, queued tasks = 0, completed tasks = 0], outboundChannel[pool size = 0, active threads = 0, queued tasks = 0, completed tasks = 0], sockJsScheduler[pool size = 4, active threads = 1, queued tasks = 0, completed tasks = 3]
2025-12-05 14:20:41.263  INFO 11328 --- [MessageBroker-2] o.s.w.s.c.WebSocketMessageBrokerStats    : WebSocketSession[0 current WS(0)-HttpStream(0)-HttpPoll(0), 0 total, 0 closed abnormally (0 connect failure, 0 send limit, 0 transport error)], stompSubProtocol[processed CONNECT(0)-CONNECTED(0)-DISCONNECT(0)], stompBrokerRelay[null], inboundChannel[pool size = 0, active threads = 0, queued tasks = 0, completed tasks = 0], outboundChannel[pool size = 0, active threads = 0, queued tasks = 0, completed tasks = 0], sockJsScheduler[pool size = 5, active threads = 1, queued tasks = 0, completed tasks = 4]
2025-12-05 14:39:21.856  INFO 11328 --- [SpringApplicationShutdownHook] o.s.b.w.e.tomcat.GracefulShutdown        : Commencing graceful shutdown. Waiting for active requests to complete
2025-12-05 14:39:21.891  INFO 11328 --- [tomcat-shutdown] o.s.b.w.e.tomcat.GracefulShutdown        : Graceful shutdown complete
2025-12-05 14:39:21.923  INFO 11328 --- [SpringApplicationShutdownHook] o.s.m.s.b.SimpleBrokerMessageHandler     : Stopping...
2025-12-05 14:39:21.923  INFO 11328 --- [SpringApplicationShutdownHook] o.s.m.s.b.SimpleBrokerMessageHandler     : BrokerAvailabilityEvent[available=false, SimpleBrokerMessageHandler [org.springframework.messaging.simp.broker.DefaultSubscriptionRegistry@2085682e]]
2025-12-05 14:39:21.924  INFO 11328 --- [SpringApplicationShutdownHook] o.s.m.s.b.SimpleBrokerMessageHandler     : Stopped.
2025-12-05 14:39:21.997  INFO 11328 --- [SpringApplicationShutdownHook] j.LocalContainerEntityManagerFactoryBean : Closing JPA EntityManagerFactory for persistence unit 'default'
2025-12-05 14:39:22.060  INFO 11328 --- [SpringApplicationShutdownHook] com.zaxxer.hikari.HikariDataSource       : MyHikariCP - Shutdown initiated...
2025-12-05 14:39:22.088  INFO 11328 --- [SpringApplicationShutdownHook] com.zaxxer.hikari.HikariDataSource       : MyHikariCP - Shutdown completed.
2025-12-05 14:55:39.918  INFO 26148 --- [restartedMain] com.instagram.BackEndApplication         : Starting BackEndApplication using Java 21.0.8 with PID 26148 (E:\취업준비\더조은컴퓨터_KDT_강의내용\instagram-clone\back-end\build\classes\java\main started by emma1 in E:\취업준비\더조은컴퓨터_KDT_강의내용\instagram-clone\back-end)
2025-12-05 14:55:39.920  INFO 26148 --- [restartedMain] com.instagram.BackEndApplication         : No active profile set, falling back to 1 default profile: "default"
2025-12-05 14:55:39.979  INFO 26148 --- [restartedMain] .e.DevToolsPropertyDefaultsPostProcessor : Devtools property defaults active! Set 'spring.devtools.add-properties' to 'false' to disable
2025-12-05 14:55:39.980  INFO 26148 --- [restartedMain] .e.DevToolsPropertyDefaultsPostProcessor : For additional web related logging consider setting the 'logging.level.web' property to 'DEBUG'
2025-12-05 14:55:41.830  INFO 26148 --- [restartedMain] .s.d.r.c.RepositoryConfigurationDelegate : Bootstrapping Spring Data JPA repositories in DEFAULT mode.
2025-12-05 14:55:41.851  INFO 26148 --- [restartedMain] .s.d.r.c.RepositoryConfigurationDelegate : Finished Spring Data repository scanning in 12 ms. Found 0 JPA repository interfaces.
2025-12-05 14:55:43.045  INFO 26148 --- [restartedMain] o.s.b.w.embedded.tomcat.TomcatWebServer  : Tomcat initialized with port 9000 (http)
2025-12-05 14:55:43.062  INFO 26148 --- [restartedMain] o.apache.catalina.core.StandardService   : Starting service [Tomcat]
2025-12-05 14:55:43.062  INFO 26148 --- [restartedMain] o.apache.catalina.core.StandardEngine    : Starting Servlet engine: [Apache Tomcat/10.1.33]
2025-12-05 14:55:43.139  INFO 26148 --- [restartedMain] o.a.c.c.C.[Tomcat].[localhost].[/]       : Initializing Spring embedded WebApplicationContext
2025-12-05 14:55:43.139  INFO 26148 --- [restartedMain] w.s.c.ServletWebServerApplicationContext : Root WebApplicationContext: initialization completed in 3159 ms
2025-12-05 14:55:43.553  INFO 26148 --- [restartedMain] o.hibernate.jpa.internal.util.LogHelper  : HHH000204: Processing PersistenceUnitInfo [name: default]
2025-12-05 14:55:43.622  INFO 26148 --- [restartedMain] org.hibernate.Version                    : HHH000412: Hibernate ORM core version 6.6.2.Final
2025-12-05 14:55:43.657  INFO 26148 --- [restartedMain] o.h.c.internal.RegionFactoryInitiator    : HHH000026: Second-level cache disabled
2025-12-05 14:55:43.953  INFO 26148 --- [restartedMain] o.s.o.j.p.SpringPersistenceUnitInfo      : No LoadTimeWeaver setup: ignoring JPA class transformer
2025-12-05 14:55:43.987  INFO 26148 --- [restartedMain] com.zaxxer.hikari.HikariDataSource       : MyHikariCP - Starting...
2025-12-05 14:55:44.194  INFO 26148 --- [restartedMain] com.zaxxer.hikari.pool.HikariPool        : MyHikariCP - Added connection org.postgresql.jdbc.PgConnection@1b51e174
2025-12-05 14:55:44.196  INFO 26148 --- [restartedMain] com.zaxxer.hikari.HikariDataSource       : MyHikariCP - Start completed.
2025-12-05 14:55:44.271  INFO 26148 --- [restartedMain] org.hibernate.orm.connections.pooling    : HHH10001005: Database info:
	Database JDBC URL [Connecting through datasource 'HikariDataSource (MyHikariCP)']
	Database driver: undefined/unknown
	Database version: 18.1
	Autocommit mode: undefined/unknown
	Isolation level: undefined/unknown
	Minimum pool size: undefined/unknown
	Maximum pool size: undefined/unknown
2025-12-05 14:55:44.637  INFO 26148 --- [restartedMain] o.h.e.t.j.p.i.JtaPlatformInitiator       : HHH000489: No JTA platform available (set 'hibernate.transaction.jta.platform' to enable JTA platform integration)
2025-12-05 14:55:44.641  INFO 26148 --- [restartedMain] j.LocalContainerEntityManagerFactoryBean : Initialized JPA EntityManagerFactory for persistence unit 'default'
2025-12-05 14:55:45.174  WARN 26148 --- [restartedMain] JpaBaseConfiguration$JpaWebConfiguration : spring.jpa.open-in-view is enabled by default. Therefore, database queries may be performed during view rendering. Explicitly configure spring.jpa.open-in-view to disable this warning
2025-12-05 14:55:45.419  WARN 26148 --- [restartedMain] .s.s.UserDetailsServiceAutoConfiguration : 

Using generated security password: fd7a2a2f-7d75-4c65-8ccc-04a142953879

This generated password is for development use only. Your security configuration must be updated before running your application in production.

2025-12-05 14:55:45.432  INFO 26148 --- [restartedMain] r$InitializeUserDetailsManagerConfigurer : Global AuthenticationManager configured with UserDetailsService bean with name inMemoryUserDetailsManager
2025-12-05 14:55:46.522  WARN 26148 --- [restartedMain] ion$DefaultTemplateResolverConfiguration : Cannot find template location: classpath:/templates/ (please add some templates, check your Thymeleaf configuration, or set spring.thymeleaf.check-template-location=false)
2025-12-05 14:55:47.785  INFO 26148 --- [restartedMain] o.s.b.a.e.web.EndpointLinksResolver      : Exposing 1 endpoint beneath base path '/actuator'
2025-12-05 14:55:47.907  INFO 26148 --- [restartedMain] o.s.b.d.a.OptionalLiveReloadServer       : LiveReload server is running on port 35729
2025-12-05 14:55:47.984  INFO 26148 --- [restartedMain] o.s.m.s.b.SimpleBrokerMessageHandler     : Starting...
2025-12-05 14:55:47.985  INFO 26148 --- [restartedMain] o.s.m.s.b.SimpleBrokerMessageHandler     : BrokerAvailabilityEvent[available=true, SimpleBrokerMessageHandler [org.springframework.messaging.simp.broker.DefaultSubscriptionRegistry@2528423d]]
2025-12-05 14:55:47.986  INFO 26148 --- [restartedMain] o.s.m.s.b.SimpleBrokerMessageHandler     : Started.
2025-12-05 14:55:48.016  INFO 26148 --- [restartedMain] o.s.b.w.embedded.tomcat.TomcatWebServer  : Tomcat started on port 9000 (http) with context path '/'
2025-12-05 14:55:48.032  INFO 26148 --- [restartedMain] com.instagram.BackEndApplication         : Started BackEndApplication in 9.605 seconds (process running for 11.216)
2025-12-05 14:55:48.381  INFO 26148 --- [RMI TCP Connection(1)-172.20.10.6] o.a.c.c.C.[Tomcat].[localhost].[/]       : Initializing Spring DispatcherServlet 'dispatcherServlet'
2025-12-05 14:55:48.381  INFO 26148 --- [RMI TCP Connection(1)-172.20.10.6] o.s.web.servlet.DispatcherServlet        : Initializing Servlet 'dispatcherServlet'
2025-12-05 14:55:48.384  INFO 26148 --- [RMI TCP Connection(1)-172.20.10.6] o.s.web.servlet.DispatcherServlet        : Completed initialization in 3 ms
2025-12-05 14:56:41.621  INFO 26148 --- [File Watcher] rtingClassPathChangeChangedEventListener : Restarting due to 1 class path change (0 additions, 0 deletions, 1 modification)
2025-12-05 14:56:41.626  INFO 26148 --- [Thread-5] o.s.b.w.e.tomcat.GracefulShutdown        : Commencing graceful shutdown. Waiting for active requests to complete
2025-12-05 14:56:41.633  INFO 26148 --- [tomcat-shutdown] o.s.b.w.e.tomcat.GracefulShutdown        : Graceful shutdown complete
2025-12-05 14:56:41.637  INFO 26148 --- [Thread-5] o.s.m.s.b.SimpleBrokerMessageHandler     : Stopping...
2025-12-05 14:56:41.637  INFO 26148 --- [Thread-5] o.s.m.s.b.SimpleBrokerMessageHandler     : BrokerAvailabilityEvent[available=false, SimpleBrokerMessageHandler [org.springframework.messaging.simp.broker.DefaultSubscriptionRegistry@2528423d]]
2025-12-05 14:56:41.637  INFO 26148 --- [Thread-5] o.s.m.s.b.SimpleBrokerMessageHandler     : Stopped.
2025-12-05 14:56:41.647  INFO 26148 --- [Thread-5] j.LocalContainerEntityManagerFactoryBean : Closing JPA EntityManagerFactory for persistence unit 'default'
2025-12-05 14:56:41.652  INFO 26148 --- [Thread-5] com.zaxxer.hikari.HikariDataSource       : MyHikariCP - Shutdown initiated...
2025-12-05 14:56:41.663  INFO 26148 --- [Thread-5] com.zaxxer.hikari.HikariDataSource       : MyHikariCP - Shutdown completed.
2025-12-05 14:56:41.763  INFO 26148 --- [restartedMain] com.instagram.BackEndApplication         : Starting BackEndApplication using Java 21.0.8 with PID 26148 (E:\취업준비\더조은컴퓨터_KDT_강의내용\instagram-clone\back-end\build\classes\java\main started by emma1 in E:\취업준비\더조은컴퓨터_KDT_강의내용\instagram-clone\back-end)
2025-12-05 14:56:41.763  INFO 26148 --- [restartedMain] com.instagram.BackEndApplication         : No active profile set, falling back to 1 default profile: "default"
2025-12-05 14:56:42.146  INFO 26148 --- [restartedMain] .s.d.r.c.RepositoryConfigurationDelegate : Bootstrapping Spring Data JPA repositories in DEFAULT mode.
2025-12-05 14:56:42.152  INFO 26148 --- [restartedMain] .s.d.r.c.RepositoryConfigurationDelegate : Finished Spring Data repository scanning in 4 ms. Found 0 JPA repository interfaces.
2025-12-05 14:56:42.430  INFO 26148 --- [restartedMain] o.s.b.w.embedded.tomcat.TomcatWebServer  : Tomcat initialized with port 9000 (http)
2025-12-05 14:56:42.432  INFO 26148 --- [restartedMain] o.apache.catalina.core.StandardService   : Starting service [Tomcat]
2025-12-05 14:56:42.432  INFO 26148 --- [restartedMain] o.apache.catalina.core.StandardEngine    : Starting Servlet engine: [Apache Tomcat/10.1.33]
2025-12-05 14:56:42.461  INFO 26148 --- [restartedMain] o.a.c.c.C.[Tomcat].[localhost].[/]       : Initializing Spring embedded WebApplicationContext
2025-12-05 14:56:42.461  INFO 26148 --- [restartedMain] w.s.c.ServletWebServerApplicationContext : Root WebApplicationContext: initialization completed in 697 ms
2025-12-05 14:56:42.646  INFO 26148 --- [restartedMain] o.hibernate.jpa.internal.util.LogHelper  : HHH000204: Processing PersistenceUnitInfo [name: default]
2025-12-05 14:56:42.650  INFO 26148 --- [restartedMain] o.h.c.internal.RegionFactoryInitiator    : HHH000026: Second-level cache disabled
2025-12-05 14:56:42.659  INFO 26148 --- [restartedMain] o.s.o.j.p.SpringPersistenceUnitInfo      : No LoadTimeWeaver setup: ignoring JPA class transformer
2025-12-05 14:56:42.660  INFO 26148 --- [restartedMain] com.zaxxer.hikari.HikariDataSource       : MyHikariCP - Starting...
2025-12-05 14:56:42.741  INFO 26148 --- [restartedMain] com.zaxxer.hikari.pool.HikariPool        : MyHikariCP - Added connection org.postgresql.jdbc.PgConnection@60e95206
2025-12-05 14:56:42.741  INFO 26148 --- [restartedMain] com.zaxxer.hikari.HikariDataSource       : MyHikariCP - Start completed.
2025-12-05 14:56:42.752  INFO 26148 --- [restartedMain] org.hibernate.orm.connections.pooling    : HHH10001005: Database info:
	Database JDBC URL [Connecting through datasource 'HikariDataSource (MyHikariCP)']
	Database driver: undefined/unknown
	Database version: 18.1
	Autocommit mode: undefined/unknown
	Isolation level: undefined/unknown
	Minimum pool size: undefined/unknown
	Maximum pool size: undefined/unknown
2025-12-05 14:56:42.769  INFO 26148 --- [restartedMain] o.h.e.t.j.p.i.JtaPlatformInitiator       : HHH000489: No JTA platform available (set 'hibernate.transaction.jta.platform' to enable JTA platform integration)
2025-12-05 14:56:42.769  INFO 26148 --- [restartedMain] j.LocalContainerEntityManagerFactoryBean : Initialized JPA EntityManagerFactory for persistence unit 'default'
2025-12-05 14:56:42.983  WARN 26148 --- [restartedMain] JpaBaseConfiguration$JpaWebConfiguration : spring.jpa.open-in-view is enabled by default. Therefore, database queries may be performed during view rendering. Explicitly configure spring.jpa.open-in-view to disable this warning
2025-12-05 14:56:43.060  WARN 26148 --- [restartedMain] .s.s.UserDetailsServiceAutoConfiguration : 

Using generated security password: bab04e65-2ae4-4621-a140-3ff2f0c83afe

This generated password is for development use only. Your security configuration must be updated before running your application in production.

2025-12-05 14:56:43.063  INFO 26148 --- [restartedMain] r$InitializeUserDetailsManagerConfigurer : Global AuthenticationManager configured with UserDetailsService bean with name inMemoryUserDetailsManager
2025-12-05 14:56:43.594  WARN 26148 --- [restartedMain] ion$DefaultTemplateResolverConfiguration : Cannot find template location: classpath:/templates/ (please add some templates, check your Thymeleaf configuration, or set spring.thymeleaf.check-template-location=false)
2025-12-05 14:56:44.605  INFO 26148 --- [restartedMain] o.s.b.a.e.web.EndpointLinksResolver      : Exposing 1 endpoint beneath base path '/actuator'
2025-12-05 14:56:44.682  INFO 26148 --- [restartedMain] o.s.b.d.a.OptionalLiveReloadServer       : LiveReload server is running on port 35729
2025-12-05 14:56:44.707  INFO 26148 --- [restartedMain] o.s.m.s.b.SimpleBrokerMessageHandler     : Starting...
2025-12-05 14:56:44.707  INFO 26148 --- [restartedMain] o.s.m.s.b.SimpleBrokerMessageHandler     : BrokerAvailabilityEvent[available=true, SimpleBrokerMessageHandler [org.springframework.messaging.simp.broker.DefaultSubscriptionRegistry@6c7ee852]]
2025-12-05 14:56:44.708  INFO 26148 --- [restartedMain] o.s.m.s.b.SimpleBrokerMessageHandler     : Started.
2025-12-05 14:56:44.711  INFO 26148 --- [restartedMain] o.s.b.w.embedded.tomcat.TomcatWebServer  : Tomcat started on port 9000 (http) with context path '/'
2025-12-05 14:56:44.718  INFO 26148 --- [restartedMain] com.instagram.BackEndApplication         : Started BackEndApplication in 2.988 seconds (process running for 67.901)
2025-12-05 14:56:44.721  INFO 26148 --- [restartedMain] .ConditionEvaluationDeltaLoggingListener : Condition evaluation unchanged
2025-12-05 14:57:44.720  INFO 26148 --- [MessageBroker-1] o.s.w.s.c.WebSocketMessageBrokerStats    : WebSocketSession[0 current WS(0)-HttpStream(0)-HttpPoll(0), 0 total, 0 closed abnormally (0 connect failure, 0 send limit, 0 transport error)], stompSubProtocol[processed CONNECT(0)-CONNECTED(0)-DISCONNECT(0)], stompBrokerRelay[null], inboundChannel[pool size = 0, active threads = 0, queued tasks = 0, completed tasks = 0], outboundChannel[pool size = 0, active threads = 0, queued tasks = 0, completed tasks = 0], sockJsScheduler[pool size = 1, active threads = 1, queued tasks = 0, completed tasks = 0]
2025-12-05 14:58:37.607  INFO 26148 --- [http-nio-9000-exec-1] o.a.c.c.C.[Tomcat].[localhost].[/]       : Initializing Spring DispatcherServlet 'dispatcherServlet'
2025-12-05 14:58:37.608  INFO 26148 --- [http-nio-9000-exec-1] o.s.web.servlet.DispatcherServlet        : Initializing Servlet 'dispatcherServlet'
2025-12-05 14:58:37.609  INFO 26148 --- [http-nio-9000-exec-1] o.s.web.servlet.DispatcherServlet        : Completed initialization in 1 ms
2025-12-05 14:58:37.761  INFO 26148 --- [http-nio-9000-exec-4] com.instagram.common.aop.LoggingAspect   : [UserController.signUp()] 요청 / ip : 0:0:0:0:0:0:0:1
2025-12-05 14:58:37.762  INFO 26148 --- [http-nio-9000-exec-4] com.instagram.common.aop.LoggingAspect   : ========== UserServiceImpl.signUp() 서비스 호출 ==========
2025-12-05 14:58:37.763  INFO 26148 --- [http-nio-9000-exec-4] com.instagram.common.aop.LoggingAspect   : Parameter : [User(userId=null, userName=gildong, userEmail=gildong@email.com, userPassword=gildong1234, userFullname=홍길동, userAvatar=null, createdAt=null, updatedAt=null)]
2025-12-05 14:58:37.887  INFO 26148 --- [http-nio-9000-exec-4] c.i.user.model.service.UserServiceImpl   : ✅ 회원가입 완료 - 이메일: gildong@email.com, 사용자명: gildong
2025-12-05 14:58:37.887  INFO 26148 --- [http-nio-9000-exec-4] com.instagram.common.aop.LoggingAspect   : Running Time : 123ms
2025-12-05 14:58:37.887  INFO 26148 --- [http-nio-9000-exec-4] com.instagram.common.aop.LoggingAspect   : ===================================================================================
2025-12-05 15:27:44.720  INFO 26148 --- [MessageBroker-1] o.s.w.s.c.WebSocketMessageBrokerStats    : WebSocketSession[0 current WS(0)-HttpStream(0)-HttpPoll(0), 0 total, 0 closed abnormally (0 connect failure, 0 send limit, 0 transport error)], stompSubProtocol[processed CONNECT(0)-CONNECTED(0)-DISCONNECT(0)], stompBrokerRelay[null], inboundChannel[pool size = 0, active threads = 0, queued tasks = 0, completed tasks = 0], outboundChannel[pool size = 0, active threads = 0, queued tasks = 0, completed tasks = 0], sockJsScheduler[pool size = 2, active threads = 1, queued tasks = 0, completed tasks = 1]
2025-12-05 15:40:44.988  INFO 26148 --- [File Watcher] rtingClassPathChangeChangedEventListener : Restarting due to 1 class path change (0 additions, 1 deletion, 0 modifications)
2025-12-05 15:40:44.990  INFO 26148 --- [Thread-7] o.s.b.w.e.tomcat.GracefulShutdown        : Commencing graceful shutdown. Waiting for active requests to complete
2025-12-05 15:40:44.995  INFO 26148 --- [tomcat-shutdown] o.s.b.w.e.tomcat.GracefulShutdown        : Graceful shutdown complete
2025-12-05 15:40:44.997  INFO 26148 --- [Thread-7] o.s.m.s.b.SimpleBrokerMessageHandler     : Stopping...
2025-12-05 15:40:44.997  INFO 26148 --- [Thread-7] o.s.m.s.b.SimpleBrokerMessageHandler     : BrokerAvailabilityEvent[available=false, SimpleBrokerMessageHandler [org.springframework.messaging.simp.broker.DefaultSubscriptionRegistry@6c7ee852]]
2025-12-05 15:40:44.997  INFO 26148 --- [Thread-7] o.s.m.s.b.SimpleBrokerMessageHandler     : Stopped.
2025-12-05 15:40:44.999  INFO 26148 --- [Thread-7] j.LocalContainerEntityManagerFactoryBean : Closing JPA EntityManagerFactory for persistence unit 'default'
2025-12-05 15:40:45.000  INFO 26148 --- [Thread-7] com.zaxxer.hikari.HikariDataSource       : MyHikariCP - Shutdown initiated...
2025-12-05 15:40:45.007  INFO 26148 --- [Thread-7] com.zaxxer.hikari.HikariDataSource       : MyHikariCP - Shutdown completed.
2025-12-05 15:40:45.088  INFO 26148 --- [restartedMain] com.instagram.BackEndApplication         : Starting BackEndApplication using Java 21.0.8 with PID 26148 (E:\취업준비\더조은컴퓨터_KDT_강의내용\instagram-clone\back-end\build\classes\java\main started by emma1 in E:\취업준비\더조은컴퓨터_KDT_강의내용\instagram-clone\back-end)
2025-12-05 15:40:45.088  INFO 26148 --- [restartedMain] com.instagram.BackEndApplication         : No active profile set, falling back to 1 default profile: "default"
2025-12-05 15:40:45.664  INFO 26148 --- [restartedMain] .s.d.r.c.RepositoryConfigurationDelegate : Bootstrapping Spring Data JPA repositories in DEFAULT mode.
2025-12-05 15:40:45.676  INFO 26148 --- [restartedMain] .s.d.r.c.RepositoryConfigurationDelegate : Finished Spring Data repository scanning in 9 ms. Found 0 JPA repository interfaces.
2025-12-05 15:40:46.020  INFO 26148 --- [restartedMain] o.s.b.w.embedded.tomcat.TomcatWebServer  : Tomcat initialized with port 9000 (http)
2025-12-05 15:40:46.023  INFO 26148 --- [restartedMain] o.apache.catalina.core.StandardService   : Starting service [Tomcat]
2025-12-05 15:40:46.023  INFO 26148 --- [restartedMain] o.apache.catalina.core.StandardEngine    : Starting Servlet engine: [Apache Tomcat/10.1.33]
2025-12-05 15:40:46.055  INFO 26148 --- [restartedMain] o.a.c.c.C.[Tomcat].[localhost].[/]       : Initializing Spring embedded WebApplicationContext
2025-12-05 15:40:46.055  INFO 26148 --- [restartedMain] w.s.c.ServletWebServerApplicationContext : Root WebApplicationContext: initialization completed in 965 ms
2025-12-05 15:40:46.404  INFO 26148 --- [restartedMain] o.hibernate.jpa.internal.util.LogHelper  : HHH000204: Processing PersistenceUnitInfo [name: default]
2025-12-05 15:40:46.411  INFO 26148 --- [restartedMain] o.h.c.internal.RegionFactoryInitiator    : HHH000026: Second-level cache disabled
2025-12-05 15:40:46.441  INFO 26148 --- [restartedMain] o.s.o.j.p.SpringPersistenceUnitInfo      : No LoadTimeWeaver setup: ignoring JPA class transformer
2025-12-05 15:40:46.443  INFO 26148 --- [restartedMain] com.zaxxer.hikari.HikariDataSource       : MyHikariCP - Starting...
2025-12-05 15:40:46.639  INFO 26148 --- [restartedMain] com.zaxxer.hikari.pool.HikariPool        : MyHikariCP - Added connection org.postgresql.jdbc.PgConnection@7d476c8b
2025-12-05 15:40:46.640  INFO 26148 --- [restartedMain] com.zaxxer.hikari.HikariDataSource       : MyHikariCP - Start completed.
2025-12-05 15:40:46.662  INFO 26148 --- [restartedMain] org.hibernate.orm.connections.pooling    : HHH10001005: Database info:
	Database JDBC URL [Connecting through datasource 'HikariDataSource (MyHikariCP)']
	Database driver: undefined/unknown
	Database version: 18.1
	Autocommit mode: undefined/unknown
	Isolation level: undefined/unknown
	Minimum pool size: undefined/unknown
	Maximum pool size: undefined/unknown
2025-12-05 15:40:46.692  INFO 26148 --- [restartedMain] o.h.e.t.j.p.i.JtaPlatformInitiator       : HHH000489: No JTA platform available (set 'hibernate.transaction.jta.platform' to enable JTA platform integration)
2025-12-05 15:40:46.692  INFO 26148 --- [restartedMain] j.LocalContainerEntityManagerFactoryBean : Initialized JPA EntityManagerFactory for persistence unit 'default'
2025-12-05 15:40:47.095  WARN 26148 --- [restartedMain] JpaBaseConfiguration$JpaWebConfiguration : spring.jpa.open-in-view is enabled by default. Therefore, database queries may be performed during view rendering. Explicitly configure spring.jpa.open-in-view to disable this warning
2025-12-05 15:40:47.189  WARN 26148 --- [restartedMain] .s.s.UserDetailsServiceAutoConfiguration : 

Using generated security password: 751e81f4-f053-453a-ad0e-6ae46fda45ab

This generated password is for development use only. Your security configuration must be updated before running your application in production.

2025-12-05 15:40:47.193  INFO 26148 --- [restartedMain] r$InitializeUserDetailsManagerConfigurer : Global AuthenticationManager configured with UserDetailsService bean with name inMemoryUserDetailsManager
2025-12-05 15:40:47.756  WARN 26148 --- [restartedMain] ion$DefaultTemplateResolverConfiguration : Cannot find template location: classpath:/templates/ (please add some templates, check your Thymeleaf configuration, or set spring.thymeleaf.check-template-location=false)
2025-12-05 15:40:48.793  INFO 26148 --- [restartedMain] o.s.b.a.e.web.EndpointLinksResolver      : Exposing 1 endpoint beneath base path '/actuator'
2025-12-05 15:40:48.879  INFO 26148 --- [restartedMain] o.s.b.d.a.OptionalLiveReloadServer       : LiveReload server is running on port 35729
2025-12-05 15:40:48.908  INFO 26148 --- [restartedMain] o.s.m.s.b.SimpleBrokerMessageHandler     : Starting...
2025-12-05 15:40:48.908  INFO 26148 --- [restartedMain] o.s.m.s.b.SimpleBrokerMessageHandler     : BrokerAvailabilityEvent[available=true, SimpleBrokerMessageHandler [org.springframework.messaging.simp.broker.DefaultSubscriptionRegistry@16962cc6]]
2025-12-05 15:40:48.908  INFO 26148 --- [restartedMain] o.s.m.s.b.SimpleBrokerMessageHandler     : Started.
2025-12-05 15:40:48.911  INFO 26148 --- [restartedMain] o.s.b.w.embedded.tomcat.TomcatWebServer  : Tomcat started on port 9000 (http) with context path '/'
2025-12-05 15:40:48.919  INFO 26148 --- [restartedMain] com.instagram.BackEndApplication         : Started BackEndApplication in 3.864 seconds (process running for 2712.103)
2025-12-05 15:40:48.922  INFO 26148 --- [restartedMain] .ConditionEvaluationDeltaLoggingListener : Condition evaluation unchanged
2025-12-05 15:40:50.286  INFO 26148 --- [File Watcher] rtingClassPathChangeChangedEventListener : Restarting due to 1 class path change (1 addition, 0 deletions, 0 modifications)
2025-12-05 15:40:50.288  INFO 26148 --- [Thread-11] o.s.b.w.e.tomcat.GracefulShutdown        : Commencing graceful shutdown. Waiting for active requests to complete
2025-12-05 15:40:50.292  INFO 26148 --- [tomcat-shutdown] o.s.b.w.e.tomcat.GracefulShutdown        : Graceful shutdown complete
2025-12-05 15:40:50.293  INFO 26148 --- [Thread-11] o.s.m.s.b.SimpleBrokerMessageHandler     : Stopping...
2025-12-05 15:40:50.294  INFO 26148 --- [Thread-11] o.s.m.s.b.SimpleBrokerMessageHandler     : BrokerAvailabilityEvent[available=false, SimpleBrokerMessageHandler [org.springframework.messaging.simp.broker.DefaultSubscriptionRegistry@16962cc6]]
2025-12-05 15:40:50.294  INFO 26148 --- [Thread-11] o.s.m.s.b.SimpleBrokerMessageHandler     : Stopped.
2025-12-05 15:40:50.296  INFO 26148 --- [Thread-11] j.LocalContainerEntityManagerFactoryBean : Closing JPA EntityManagerFactory for persistence unit 'default'
2025-12-05 15:40:50.297  INFO 26148 --- [Thread-11] com.zaxxer.hikari.HikariDataSource       : MyHikariCP - Shutdown initiated...
2025-12-05 15:40:50.300  INFO 26148 --- [Thread-11] com.zaxxer.hikari.HikariDataSource       : MyHikariCP - Shutdown completed.
2025-12-05 15:40:50.371  INFO 26148 --- [restartedMain] com.instagram.BackEndApplication         : Starting BackEndApplication using Java 21.0.8 with PID 26148 (E:\취업준비\더조은컴퓨터_KDT_강의내용\instagram-clone\back-end\build\classes\java\main started by emma1 in E:\취업준비\더조은컴퓨터_KDT_강의내용\instagram-clone\back-end)
2025-12-05 15:40:50.372  INFO 26148 --- [restartedMain] com.instagram.BackEndApplication         : No active profile set, falling back to 1 default profile: "default"
2025-12-05 15:40:50.705  INFO 26148 --- [restartedMain] .s.d.r.c.RepositoryConfigurationDelegate : Bootstrapping Spring Data JPA repositories in DEFAULT mode.
2025-12-05 15:40:50.709  INFO 26148 --- [restartedMain] .s.d.r.c.RepositoryConfigurationDelegate : Finished Spring Data repository scanning in 3 ms. Found 0 JPA repository interfaces.
2025-12-05 15:40:50.953  INFO 26148 --- [restartedMain] o.s.b.w.embedded.tomcat.TomcatWebServer  : Tomcat initialized with port 9000 (http)
2025-12-05 15:40:50.954  INFO 26148 --- [restartedMain] o.apache.catalina.core.StandardService   : Starting service [Tomcat]
2025-12-05 15:40:50.954  INFO 26148 --- [restartedMain] o.apache.catalina.core.StandardEngine    : Starting Servlet engine: [Apache Tomcat/10.1.33]
2025-12-05 15:40:50.982  INFO 26148 --- [restartedMain] o.a.c.c.C.[Tomcat].[localhost].[/]       : Initializing Spring embedded WebApplicationContext
2025-12-05 15:40:50.982  INFO 26148 --- [restartedMain] w.s.c.ServletWebServerApplicationContext : Root WebApplicationContext: initialization completed in 609 ms
2025-12-05 15:40:51.164  INFO 26148 --- [restartedMain] o.hibernate.jpa.internal.util.LogHelper  : HHH000204: Processing PersistenceUnitInfo [name: default]
2025-12-05 15:40:51.166  INFO 26148 --- [restartedMain] o.h.c.internal.RegionFactoryInitiator    : HHH000026: Second-level cache disabled
2025-12-05 15:40:51.176  INFO 26148 --- [restartedMain] o.s.o.j.p.SpringPersistenceUnitInfo      : No LoadTimeWeaver setup: ignoring JPA class transformer
2025-12-05 15:40:51.177  INFO 26148 --- [restartedMain] com.zaxxer.hikari.HikariDataSource       : MyHikariCP - Starting...
2025-12-05 15:40:51.255  INFO 26148 --- [restartedMain] com.zaxxer.hikari.pool.HikariPool        : MyHikariCP - Added connection org.postgresql.jdbc.PgConnection@2267cd72
2025-12-05 15:40:51.255  INFO 26148 --- [restartedMain] com.zaxxer.hikari.HikariDataSource       : MyHikariCP - Start completed.
2025-12-05 15:40:51.265  INFO 26148 --- [restartedMain] org.hibernate.orm.connections.pooling    : HHH10001005: Database info:
	Database JDBC URL [Connecting through datasource 'HikariDataSource (MyHikariCP)']
	Database driver: undefined/unknown
	Database version: 18.1
	Autocommit mode: undefined/unknown
	Isolation level: undefined/unknown
	Minimum pool size: undefined/unknown
	Maximum pool size: undefined/unknown
2025-12-05 15:40:51.279  INFO 26148 --- [restartedMain] o.h.e.t.j.p.i.JtaPlatformInitiator       : HHH000489: No JTA platform available (set 'hibernate.transaction.jta.platform' to enable JTA platform integration)
2025-12-05 15:40:51.279  INFO 26148 --- [restartedMain] j.LocalContainerEntityManagerFactoryBean : Initialized JPA EntityManagerFactory for persistence unit 'default'
2025-12-05 15:40:51.489  WARN 26148 --- [restartedMain] JpaBaseConfiguration$JpaWebConfiguration : spring.jpa.open-in-view is enabled by default. Therefore, database queries may be performed during view rendering. Explicitly configure spring.jpa.open-in-view to disable this warning
2025-12-05 15:40:51.581  WARN 26148 --- [restartedMain] .s.s.UserDetailsServiceAutoConfiguration : 

Using generated security password: 9f30d12c-70d2-481e-a534-073f14ce3caa

This generated password is for development use only. Your security configuration must be updated before running your application in production.

2025-12-05 15:40:51.586  INFO 26148 --- [restartedMain] r$InitializeUserDetailsManagerConfigurer : Global AuthenticationManager configured with UserDetailsService bean with name inMemoryUserDetailsManager
2025-12-05 15:40:52.152  WARN 26148 --- [restartedMain] ion$DefaultTemplateResolverConfiguration : Cannot find template location: classpath:/templates/ (please add some templates, check your Thymeleaf configuration, or set spring.thymeleaf.check-template-location=false)
2025-12-05 15:40:52.854  INFO 26148 --- [restartedMain] o.s.b.a.e.web.EndpointLinksResolver      : Exposing 1 endpoint beneath base path '/actuator'
2025-12-05 15:40:52.943  INFO 26148 --- [restartedMain] o.s.b.d.a.OptionalLiveReloadServer       : LiveReload server is running on port 35729
2025-12-05 15:40:52.979  INFO 26148 --- [restartedMain] o.s.m.s.b.SimpleBrokerMessageHandler     : Starting...
2025-12-05 15:40:52.979  INFO 26148 --- [restartedMain] o.s.m.s.b.SimpleBrokerMessageHandler     : BrokerAvailabilityEvent[available=true, SimpleBrokerMessageHandler [org.springframework.messaging.simp.broker.DefaultSubscriptionRegistry@5af78ee]]
2025-12-05 15:40:52.979  INFO 26148 --- [restartedMain] o.s.m.s.b.SimpleBrokerMessageHandler     : Started.
2025-12-05 15:40:52.983  INFO 26148 --- [restartedMain] o.s.b.w.embedded.tomcat.TomcatWebServer  : Tomcat started on port 9000 (http) with context path '/'
2025-12-05 15:40:52.991  INFO 26148 --- [restartedMain] com.instagram.BackEndApplication         : Started BackEndApplication in 2.646 seconds (process running for 2716.174)
2025-12-05 15:40:52.993  INFO 26148 --- [restartedMain] .ConditionEvaluationDeltaLoggingListener : Condition evaluation unchanged
2025-12-05 15:41:52.969  INFO 26148 --- [MessageBroker-1] o.s.w.s.c.WebSocketMessageBrokerStats    : WebSocketSession[0 current WS(0)-HttpStream(0)-HttpPoll(0), 0 total, 0 closed abnormally (0 connect failure, 0 send limit, 0 transport error)], stompSubProtocol[processed CONNECT(0)-CONNECTED(0)-DISCONNECT(0)], stompBrokerRelay[null], inboundChannel[pool size = 0, active threads = 0, queued tasks = 0, completed tasks = 0], outboundChannel[pool size = 0, active threads = 0, queued tasks = 0, completed tasks = 0], sockJsScheduler[pool size = 1, active threads = 1, queued tasks = 0, completed tasks = 0]
2025-12-05 15:44:00.878  INFO 26148 --- [File Watcher] rtingClassPathChangeChangedEventListener : Restarting due to 1 class path change (0 additions, 1 deletion, 0 modifications)
2025-12-05 15:44:00.883  INFO 26148 --- [Thread-15] o.s.b.w.e.tomcat.GracefulShutdown        : Commencing graceful shutdown. Waiting for active requests to complete
2025-12-05 15:44:00.897  INFO 26148 --- [tomcat-shutdown] o.s.b.w.e.tomcat.GracefulShutdown        : Graceful shutdown complete
2025-12-05 15:44:00.899  INFO 26148 --- [Thread-15] o.s.m.s.b.SimpleBrokerMessageHandler     : Stopping...
2025-12-05 15:44:00.899  INFO 26148 --- [Thread-15] o.s.m.s.b.SimpleBrokerMessageHandler     : BrokerAvailabilityEvent[available=false, SimpleBrokerMessageHandler [org.springframework.messaging.simp.broker.DefaultSubscriptionRegistry@5af78ee]]
2025-12-05 15:44:00.900  INFO 26148 --- [Thread-15] o.s.m.s.b.SimpleBrokerMessageHandler     : Stopped.
2025-12-05 15:44:00.903  INFO 26148 --- [Thread-15] j.LocalContainerEntityManagerFactoryBean : Closing JPA EntityManagerFactory for persistence unit 'default'
2025-12-05 15:44:00.904  INFO 26148 --- [Thread-15] com.zaxxer.hikari.HikariDataSource       : MyHikariCP - Shutdown initiated...
2025-12-05 15:44:00.921  INFO 26148 --- [Thread-15] com.zaxxer.hikari.HikariDataSource       : MyHikariCP - Shutdown completed.
2025-12-05 15:44:01.582  INFO 26148 --- [restartedMain] com.instagram.BackEndApplication         : Starting BackEndApplication using Java 21.0.8 with PID 26148 (E:\취업준비\더조은컴퓨터_KDT_강의내용\instagram-clone\back-end\build\classes\java\main started by emma1 in E:\취업준비\더조은컴퓨터_KDT_강의내용\instagram-clone\back-end)
2025-12-05 15:44:01.582  INFO 26148 --- [restartedMain] com.instagram.BackEndApplication         : No active profile set, falling back to 1 default profile: "default"
2025-12-05 15:44:02.301  INFO 26148 --- [restartedMain] .s.d.r.c.RepositoryConfigurationDelegate : Bootstrapping Spring Data JPA repositories in DEFAULT mode.
2025-12-05 15:44:02.307  INFO 26148 --- [restartedMain] .s.d.r.c.RepositoryConfigurationDelegate : Finished Spring Data repository scanning in 4 ms. Found 0 JPA repository interfaces.
2025-12-05 15:44:02.607  INFO 26148 --- [restartedMain] o.s.b.w.embedded.tomcat.TomcatWebServer  : Tomcat initialized with port 9000 (http)
2025-12-05 15:44:02.609  INFO 26148 --- [restartedMain] o.apache.catalina.core.StandardService   : Starting service [Tomcat]
2025-12-05 15:44:02.609  INFO 26148 --- [restartedMain] o.apache.catalina.core.StandardEngine    : Starting Servlet engine: [Apache Tomcat/10.1.33]
2025-12-05 15:44:02.641  INFO 26148 --- [restartedMain] o.a.c.c.C.[Tomcat].[localhost].[/]       : Initializing Spring embedded WebApplicationContext
2025-12-05 15:44:02.641  INFO 26148 --- [restartedMain] w.s.c.ServletWebServerApplicationContext : Root WebApplicationContext: initialization completed in 1056 ms
2025-12-05 15:44:02.891  INFO 26148 --- [restartedMain] o.hibernate.jpa.internal.util.LogHelper  : HHH000204: Processing PersistenceUnitInfo [name: default]
2025-12-05 15:44:02.893  INFO 26148 --- [restartedMain] o.h.c.internal.RegionFactoryInitiator    : HHH000026: Second-level cache disabled
2025-12-05 15:44:02.903  INFO 26148 --- [restartedMain] o.s.o.j.p.SpringPersistenceUnitInfo      : No LoadTimeWeaver setup: ignoring JPA class transformer
2025-12-05 15:44:02.905  INFO 26148 --- [restartedMain] com.zaxxer.hikari.HikariDataSource       : MyHikariCP - Starting...
2025-12-05 15:44:02.994  INFO 26148 --- [restartedMain] com.zaxxer.hikari.pool.HikariPool        : MyHikariCP - Added connection org.postgresql.jdbc.PgConnection@46a53cb6
2025-12-05 15:44:02.995  INFO 26148 --- [restartedMain] com.zaxxer.hikari.HikariDataSource       : MyHikariCP - Start completed.
2025-12-05 15:44:03.007  INFO 26148 --- [restartedMain] org.hibernate.orm.connections.pooling    : HHH10001005: Database info:
	Database JDBC URL [Connecting through datasource 'HikariDataSource (MyHikariCP)']
	Database driver: undefined/unknown
	Database version: 18.1
	Autocommit mode: undefined/unknown
	Isolation level: undefined/unknown
	Minimum pool size: undefined/unknown
	Maximum pool size: undefined/unknown
2025-12-05 15:44:03.026  INFO 26148 --- [restartedMain] o.h.e.t.j.p.i.JtaPlatformInitiator       : HHH000489: No JTA platform available (set 'hibernate.transaction.jta.platform' to enable JTA platform integration)
2025-12-05 15:44:03.026  INFO 26148 --- [restartedMain] j.LocalContainerEntityManagerFactoryBean : Initialized JPA EntityManagerFactory for persistence unit 'default'
2025-12-05 15:44:03.309  WARN 26148 --- [restartedMain] JpaBaseConfiguration$JpaWebConfiguration : spring.jpa.open-in-view is enabled by default. Therefore, database queries may be performed during view rendering. Explicitly configure spring.jpa.open-in-view to disable this warning
2025-12-05 15:44:03.461  WARN 26148 --- [restartedMain] .s.s.UserDetailsServiceAutoConfiguration : 

Using generated security password: 89531581-4ef6-45cd-881f-e85f4d157f49

This generated password is for development use only. Your security configuration must be updated before running your application in production.

2025-12-05 15:44:03.473  INFO 26148 --- [restartedMain] r$InitializeUserDetailsManagerConfigurer : Global AuthenticationManager configured with UserDetailsService bean with name inMemoryUserDetailsManager
2025-12-05 15:44:04.377  WARN 26148 --- [restartedMain] ion$DefaultTemplateResolverConfiguration : Cannot find template location: classpath:/templates/ (please add some templates, check your Thymeleaf configuration, or set spring.thymeleaf.check-template-location=false)
2025-12-05 15:44:05.132  INFO 26148 --- [restartedMain] o.s.b.a.e.web.EndpointLinksResolver      : Exposing 1 endpoint beneath base path '/actuator'
2025-12-05 15:44:05.226  INFO 26148 --- [restartedMain] o.s.b.d.a.OptionalLiveReloadServer       : LiveReload server is running on port 35729
2025-12-05 15:44:05.270  INFO 26148 --- [restartedMain] o.s.m.s.b.SimpleBrokerMessageHandler     : Starting...
2025-12-05 15:44:05.271  INFO 26148 --- [restartedMain] o.s.m.s.b.SimpleBrokerMessageHandler     : BrokerAvailabilityEvent[available=true, SimpleBrokerMessageHandler [org.springframework.messaging.simp.broker.DefaultSubscriptionRegistry@63ba65c5]]
2025-12-05 15:44:05.271  INFO 26148 --- [restartedMain] o.s.m.s.b.SimpleBrokerMessageHandler     : Started.
2025-12-05 15:44:05.280  INFO 26148 --- [restartedMain] o.s.b.w.embedded.tomcat.TomcatWebServer  : Tomcat started on port 9000 (http) with context path '/'
2025-12-05 15:44:05.290  INFO 26148 --- [restartedMain] com.instagram.BackEndApplication         : Started BackEndApplication in 3.788 seconds (process running for 2908.474)
2025-12-05 15:44:05.293  INFO 26148 --- [restartedMain] .ConditionEvaluationDeltaLoggingListener : Condition evaluation unchanged
2025-12-05 15:44:06.650  INFO 26148 --- [File Watcher] rtingClassPathChangeChangedEventListener : Restarting due to 1 class path change (1 addition, 0 deletions, 0 modifications)
2025-12-05 15:44:06.652  INFO 26148 --- [Thread-19] o.s.b.w.e.tomcat.GracefulShutdown        : Commencing graceful shutdown. Waiting for active requests to complete
2025-12-05 15:44:06.658  INFO 26148 --- [tomcat-shutdown] o.s.b.w.e.tomcat.GracefulShutdown        : Graceful shutdown complete
2025-12-05 15:44:06.659  INFO 26148 --- [Thread-19] o.s.m.s.b.SimpleBrokerMessageHandler     : Stopping...
2025-12-05 15:44:06.659  INFO 26148 --- [Thread-19] o.s.m.s.b.SimpleBrokerMessageHandler     : BrokerAvailabilityEvent[available=false, SimpleBrokerMessageHandler [org.springframework.messaging.simp.broker.DefaultSubscriptionRegistry@63ba65c5]]
2025-12-05 15:44:06.659  INFO 26148 --- [Thread-19] o.s.m.s.b.SimpleBrokerMessageHandler     : Stopped.
2025-12-05 15:44:06.662  INFO 26148 --- [Thread-19] j.LocalContainerEntityManagerFactoryBean : Closing JPA EntityManagerFactory for persistence unit 'default'
2025-12-05 15:44:06.664  INFO 26148 --- [Thread-19] com.zaxxer.hikari.HikariDataSource       : MyHikariCP - Shutdown initiated...
2025-12-05 15:44:06.669  INFO 26148 --- [Thread-19] com.zaxxer.hikari.HikariDataSource       : MyHikariCP - Shutdown completed.
2025-12-05 15:44:06.770  INFO 26148 --- [restartedMain] com.instagram.BackEndApplication         : Starting BackEndApplication using Java 21.0.8 with PID 26148 (E:\취업준비\더조은컴퓨터_KDT_강의내용\instagram-clone\back-end\build\classes\java\main started by emma1 in E:\취업준비\더조은컴퓨터_KDT_강의내용\instagram-clone\back-end)
2025-12-05 15:44:06.771  INFO 26148 --- [restartedMain] com.instagram.BackEndApplication         : No active profile set, falling back to 1 default profile: "default"
2025-12-05 15:44:07.207  INFO 26148 --- [restartedMain] .s.d.r.c.RepositoryConfigurationDelegate : Bootstrapping Spring Data JPA repositories in DEFAULT mode.
2025-12-05 15:44:07.212  INFO 26148 --- [restartedMain] .s.d.r.c.RepositoryConfigurationDelegate : Finished Spring Data repository scanning in 4 ms. Found 0 JPA repository interfaces.
2025-12-05 15:44:07.475  INFO 26148 --- [restartedMain] o.s.b.w.embedded.tomcat.TomcatWebServer  : Tomcat initialized with port 9000 (http)
2025-12-05 15:44:07.476  INFO 26148 --- [restartedMain] o.apache.catalina.core.StandardService   : Starting service [Tomcat]
2025-12-05 15:44:07.476  INFO 26148 --- [restartedMain] o.apache.catalina.core.StandardEngine    : Starting Servlet engine: [Apache Tomcat/10.1.33]
2025-12-05 15:44:07.509  INFO 26148 --- [restartedMain] o.a.c.c.C.[Tomcat].[localhost].[/]       : Initializing Spring embedded WebApplicationContext
2025-12-05 15:44:07.509  INFO 26148 --- [restartedMain] w.s.c.ServletWebServerApplicationContext : Root WebApplicationContext: initialization completed in 737 ms
2025-12-05 15:44:07.693  INFO 26148 --- [restartedMain] o.hibernate.jpa.internal.util.LogHelper  : HHH000204: Processing PersistenceUnitInfo [name: default]
2025-12-05 15:44:07.697  INFO 26148 --- [restartedMain] o.h.c.internal.RegionFactoryInitiator    : HHH000026: Second-level cache disabled
2025-12-05 15:44:07.704  INFO 26148 --- [restartedMain] o.s.o.j.p.SpringPersistenceUnitInfo      : No LoadTimeWeaver setup: ignoring JPA class transformer
2025-12-05 15:44:07.705  INFO 26148 --- [restartedMain] com.zaxxer.hikari.HikariDataSource       : MyHikariCP - Starting...
2025-12-05 15:44:07.783  INFO 26148 --- [restartedMain] com.zaxxer.hikari.pool.HikariPool        : MyHikariCP - Added connection org.postgresql.jdbc.PgConnection@7f06f6f8
2025-12-05 15:44:07.783  INFO 26148 --- [restartedMain] com.zaxxer.hikari.HikariDataSource       : MyHikariCP - Start completed.
2025-12-05 15:44:07.792  INFO 26148 --- [restartedMain] org.hibernate.orm.connections.pooling    : HHH10001005: Database info:
	Database JDBC URL [Connecting through datasource 'HikariDataSource (MyHikariCP)']
	Database driver: undefined/unknown
	Database version: 18.1
	Autocommit mode: undefined/unknown
	Isolation level: undefined/unknown
	Minimum pool size: undefined/unknown
	Maximum pool size: undefined/unknown
2025-12-05 15:44:07.806  INFO 26148 --- [restartedMain] o.h.e.t.j.p.i.JtaPlatformInitiator       : HHH000489: No JTA platform available (set 'hibernate.transaction.jta.platform' to enable JTA platform integration)
2025-12-05 15:44:07.806  INFO 26148 --- [restartedMain] j.LocalContainerEntityManagerFactoryBean : Initialized JPA EntityManagerFactory for persistence unit 'default'
2025-12-05 15:44:08.007  WARN 26148 --- [restartedMain] JpaBaseConfiguration$JpaWebConfiguration : spring.jpa.open-in-view is enabled by default. Therefore, database queries may be performed during view rendering. Explicitly configure spring.jpa.open-in-view to disable this warning
2025-12-05 15:44:08.086  WARN 26148 --- [restartedMain] .s.s.UserDetailsServiceAutoConfiguration : 

Using generated security password: 0f895f83-b82c-40f2-a3f5-c6995f30d304

This generated password is for development use only. Your security configuration must be updated before running your application in production.

2025-12-05 15:44:08.090  INFO 26148 --- [restartedMain] r$InitializeUserDetailsManagerConfigurer : Global AuthenticationManager configured with UserDetailsService bean with name inMemoryUserDetailsManager
2025-12-05 15:44:08.644  WARN 26148 --- [restartedMain] ion$DefaultTemplateResolverConfiguration : Cannot find template location: classpath:/templates/ (please add some templates, check your Thymeleaf configuration, or set spring.thymeleaf.check-template-location=false)
2025-12-05 15:44:09.319  INFO 26148 --- [restartedMain] o.s.b.a.e.web.EndpointLinksResolver      : Exposing 1 endpoint beneath base path '/actuator'
2025-12-05 15:44:09.398  INFO 26148 --- [restartedMain] o.s.b.d.a.OptionalLiveReloadServer       : LiveReload server is running on port 35729
2025-12-05 15:44:09.424  INFO 26148 --- [restartedMain] o.s.m.s.b.SimpleBrokerMessageHandler     : Starting...
2025-12-05 15:44:09.425  INFO 26148 --- [restartedMain] o.s.m.s.b.SimpleBrokerMessageHandler     : BrokerAvailabilityEvent[available=true, SimpleBrokerMessageHandler [org.springframework.messaging.simp.broker.DefaultSubscriptionRegistry@51726ac7]]
2025-12-05 15:44:09.425  INFO 26148 --- [restartedMain] o.s.m.s.b.SimpleBrokerMessageHandler     : Started.
2025-12-05 15:44:09.428  INFO 26148 --- [restartedMain] o.s.b.w.embedded.tomcat.TomcatWebServer  : Tomcat started on port 9000 (http) with context path '/'
2025-12-05 15:44:09.436  INFO 26148 --- [restartedMain] com.instagram.BackEndApplication         : Started BackEndApplication in 2.713 seconds (process running for 2912.619)
2025-12-05 15:44:09.438  INFO 26148 --- [restartedMain] .ConditionEvaluationDeltaLoggingListener : Condition evaluation unchanged
2025-12-05 15:45:09.424  INFO 26148 --- [MessageBroker-1] o.s.w.s.c.WebSocketMessageBrokerStats    : WebSocketSession[0 current WS(0)-HttpStream(0)-HttpPoll(0), 0 total, 0 closed abnormally (0 connect failure, 0 send limit, 0 transport error)], stompSubProtocol[processed CONNECT(0)-CONNECTED(0)-DISCONNECT(0)], stompBrokerRelay[null], inboundChannel[pool size = 0, active threads = 0, queued tasks = 0, completed tasks = 0], outboundChannel[pool size = 0, active threads = 0, queued tasks = 0, completed tasks = 0], sockJsScheduler[pool size = 1, active threads = 1, queued tasks = 0, completed tasks = 0]
