2025-12-15 09:35:36.234  INFO 18264 --- [restartedMain] com.instagram.BackEndApplication         : Starting BackEndApplication using Java 21.0.8 with PID 18264 (E:\취업준비\더조은컴퓨터_KDT_강의내용\instagram-clone\back-end\build\classes\java\main started by emma1 in E:\취업준비\더조은컴퓨터_KDT_강의내용\instagram-clone\back-end)
2025-12-15 09:35:36.237  INFO 18264 --- [restartedMain] com.instagram.BackEndApplication         : No active profile set, falling back to 1 default profile: "default"
2025-12-15 09:35:36.284  INFO 18264 --- [restartedMain] .e.DevToolsPropertyDefaultsPostProcessor : Devtools property defaults active! Set 'spring.devtools.add-properties' to 'false' to disable
2025-12-15 09:35:36.284  INFO 18264 --- [restartedMain] .e.DevToolsPropertyDefaultsPostProcessor : For additional web related logging consider setting the 'logging.level.web' property to 'DEBUG'
2025-12-15 09:35:37.614  INFO 18264 --- [restartedMain] .s.d.r.c.RepositoryConfigurationDelegate : Bootstrapping Spring Data JPA repositories in DEFAULT mode.
2025-12-15 09:35:37.638  INFO 18264 --- [restartedMain] .s.d.r.c.RepositoryConfigurationDelegate : Finished Spring Data repository scanning in 14 ms. Found 0 JPA repository interfaces.
2025-12-15 09:35:38.740  INFO 18264 --- [restartedMain] o.s.b.w.embedded.tomcat.TomcatWebServer  : Tomcat initialized with port 9000 (http)
2025-12-15 09:35:38.754  INFO 18264 --- [restartedMain] o.apache.catalina.core.StandardService   : Starting service [Tomcat]
2025-12-15 09:35:38.755  INFO 18264 --- [restartedMain] o.apache.catalina.core.StandardEngine    : Starting Servlet engine: [Apache Tomcat/10.1.33]
2025-12-15 09:35:38.824  INFO 18264 --- [restartedMain] o.a.c.c.C.[Tomcat].[localhost].[/]       : Initializing Spring embedded WebApplicationContext
2025-12-15 09:35:38.824  INFO 18264 --- [restartedMain] w.s.c.ServletWebServerApplicationContext : Root WebApplicationContext: initialization completed in 2539 ms
2025-12-15 09:35:39.231  INFO 18264 --- [restartedMain] o.hibernate.jpa.internal.util.LogHelper  : HHH000204: Processing PersistenceUnitInfo [name: default]
2025-12-15 09:35:39.307  INFO 18264 --- [restartedMain] org.hibernate.Version                    : HHH000412: Hibernate ORM core version 6.6.2.Final
2025-12-15 09:35:39.342  INFO 18264 --- [restartedMain] o.h.c.internal.RegionFactoryInitiator    : HHH000026: Second-level cache disabled
2025-12-15 09:35:39.639  INFO 18264 --- [restartedMain] o.s.o.j.p.SpringPersistenceUnitInfo      : No LoadTimeWeaver setup: ignoring JPA class transformer
2025-12-15 09:35:39.671  INFO 18264 --- [restartedMain] com.zaxxer.hikari.HikariDataSource       : MyHikariCP - Starting...
2025-12-15 09:35:39.891  INFO 18264 --- [restartedMain] com.zaxxer.hikari.pool.HikariPool        : MyHikariCP - Added connection org.postgresql.jdbc.PgConnection@49f24780
2025-12-15 09:35:39.893  INFO 18264 --- [restartedMain] com.zaxxer.hikari.HikariDataSource       : MyHikariCP - Start completed.
2025-12-15 09:35:40.001  INFO 18264 --- [restartedMain] org.hibernate.orm.connections.pooling    : HHH10001005: Database info:
	Database JDBC URL [Connecting through datasource 'HikariDataSource (MyHikariCP)']
	Database driver: undefined/unknown
	Database version: 18.1
	Autocommit mode: undefined/unknown
	Isolation level: undefined/unknown
	Minimum pool size: undefined/unknown
	Maximum pool size: undefined/unknown
2025-12-15 09:35:40.366  INFO 18264 --- [restartedMain] o.h.e.t.j.p.i.JtaPlatformInitiator       : HHH000489: No JTA platform available (set 'hibernate.transaction.jta.platform' to enable JTA platform integration)
2025-12-15 09:35:40.371  INFO 18264 --- [restartedMain] j.LocalContainerEntityManagerFactoryBean : Initialized JPA EntityManagerFactory for persistence unit 'default'
2025-12-15 09:35:40.977  WARN 18264 --- [restartedMain] JpaBaseConfiguration$JpaWebConfiguration : spring.jpa.open-in-view is enabled by default. Therefore, database queries may be performed during view rendering. Explicitly configure spring.jpa.open-in-view to disable this warning
2025-12-15 09:35:41.085  WARN 18264 --- [restartedMain] .s.s.UserDetailsServiceAutoConfiguration : 

Using generated security password: a91af793-39d0-4b8b-878b-e7d64f12f898

This generated password is for development use only. Your security configuration must be updated before running your application in production.

2025-12-15 09:35:41.095  INFO 18264 --- [restartedMain] r$InitializeUserDetailsManagerConfigurer : Global AuthenticationManager configured with UserDetailsService bean with name inMemoryUserDetailsManager
2025-12-15 09:35:42.021  WARN 18264 --- [restartedMain] ion$DefaultTemplateResolverConfiguration : Cannot find template location: classpath:/templates/ (please add some templates, check your Thymeleaf configuration, or set spring.thymeleaf.check-template-location=false)
2025-12-15 09:35:42.963  INFO 18264 --- [restartedMain] o.s.b.a.e.web.EndpointLinksResolver      : Exposing 1 endpoint beneath base path '/actuator'
2025-12-15 09:35:43.093  INFO 18264 --- [restartedMain] o.s.b.d.a.OptionalLiveReloadServer       : LiveReload server is running on port 35729
2025-12-15 09:35:43.161  INFO 18264 --- [restartedMain] o.s.m.s.b.SimpleBrokerMessageHandler     : Starting...
2025-12-15 09:35:43.161  INFO 18264 --- [restartedMain] o.s.m.s.b.SimpleBrokerMessageHandler     : BrokerAvailabilityEvent[available=true, SimpleBrokerMessageHandler [org.springframework.messaging.simp.broker.DefaultSubscriptionRegistry@4840fc4]]
2025-12-15 09:35:43.162  INFO 18264 --- [restartedMain] o.s.m.s.b.SimpleBrokerMessageHandler     : Started.
2025-12-15 09:35:43.184  INFO 18264 --- [restartedMain] o.s.b.w.embedded.tomcat.TomcatWebServer  : Tomcat started on port 9000 (http) with context path '/'
2025-12-15 09:35:43.200  INFO 18264 --- [restartedMain] com.instagram.BackEndApplication         : Started BackEndApplication in 7.519 seconds (process running for 8.932)
2025-12-15 09:35:43.507  INFO 18264 --- [RMI TCP Connection(4)-192.168.1.103] o.a.c.c.C.[Tomcat].[localhost].[/]       : Initializing Spring DispatcherServlet 'dispatcherServlet'
2025-12-15 09:35:43.508  INFO 18264 --- [RMI TCP Connection(4)-192.168.1.103] o.s.web.servlet.DispatcherServlet        : Initializing Servlet 'dispatcherServlet'
2025-12-15 09:35:43.511  INFO 18264 --- [RMI TCP Connection(4)-192.168.1.103] o.s.web.servlet.DispatcherServlet        : Completed initialization in 3 ms
2025-12-15 09:36:43.136  INFO 18264 --- [MessageBroker-1] o.s.w.s.c.WebSocketMessageBrokerStats    : WebSocketSession[0 current WS(0)-HttpStream(0)-HttpPoll(0), 0 total, 0 closed abnormally (0 connect failure, 0 send limit, 0 transport error)], stompSubProtocol[processed CONNECT(0)-CONNECTED(0)-DISCONNECT(0)], stompBrokerRelay[null], inboundChannel[pool size = 0, active threads = 0, queued tasks = 0, completed tasks = 0], outboundChannel[pool size = 0, active threads = 0, queued tasks = 0, completed tasks = 0], sockJsScheduler[pool size = 1, active threads = 1, queued tasks = 0, completed tasks = 0]
2025-12-15 09:40:23.972  INFO 18264 --- [http-nio-9000-exec-1] com.instagram.common.aop.LoggingAspect   : [UserController.login()] 요청 / ip : 0:0:0:0:0:0:0:1
2025-12-15 09:40:23.972  INFO 18264 --- [http-nio-9000-exec-1] com.instagram.common.aop.LoggingAspect   : ========== UserServiceImpl.login() 서비스 호출 ==========
2025-12-15 09:40:23.974  INFO 18264 --- [http-nio-9000-exec-1] com.instagram.common.aop.LoggingAspect   : Parameter : [gildong@email.com, gildong1234]
2025-12-15 09:40:24.120  WARN 18264 --- [http-nio-9000-exec-1] c.i.user.model.service.UserServiceImpl   : ⚠️ 로그인 실패 - 잘못된 비밀번호: gildong@email.com
2025-12-15 09:40:24.120  INFO 18264 --- [http-nio-9000-exec-1] c.i.user.model.service.UserServiceImpl   : ✅ 로그인 성공 - 이메일: gildong@email.com
2025-12-15 09:40:24.120  INFO 18264 --- [http-nio-9000-exec-1] com.instagram.common.aop.LoggingAspect   : Running Time : 146ms
2025-12-15 09:40:24.120  INFO 18264 --- [http-nio-9000-exec-1] com.instagram.common.aop.LoggingAspect   : ===================================================================================
2025-12-15 09:40:24.210  INFO 18264 --- [http-nio-9000-exec-1] c.i.user.controller.UserController       : ✅ 로그인 성공 - 이메일: {]
2025-12-15 09:40:25.285  INFO 18264 --- [http-nio-9000-exec-5] com.instagram.common.aop.LoggingAspect   : [PostController.getAllPosts()] 요청 / ip : 0:0:0:0:0:0:0:1
2025-12-15 09:40:25.321  INFO 18264 --- [http-nio-9000-exec-5] com.instagram.common.aop.LoggingAspect   : ========== PostServiceImpl.getAllPosts() 서비스 호출 ==========
2025-12-15 09:40:25.321  INFO 18264 --- [http-nio-9000-exec-5] com.instagram.common.aop.LoggingAspect   : Parameter : [1]
2025-12-15 09:40:25.322  INFO 18264 --- [http-nio-9000-exec-5] c.i.post.model.service.PostServiceImpl   : ✅ PostServiceImpl: 서비스 레이어 도달 성공
2025-12-15 09:40:25.397  INFO 18264 --- [http-nio-9000-exec-5] com.instagram.common.aop.LoggingAspect   : Running Time : 76ms
2025-12-15 09:40:25.399  INFO 18264 --- [http-nio-9000-exec-5] com.instagram.common.aop.LoggingAspect   : ===================================================================================
2025-12-15 09:40:25.399  INFO 18264 --- [http-nio-9000-exec-5] c.i.post.controller.PostController       : ✅ PostController: 모든 게시물 불러오기 성공
2025-12-15 09:40:25.432  INFO 18264 --- [http-nio-9000-exec-6] com.instagram.common.aop.LoggingAspect   : [PostController.getAllPosts()] 요청 / ip : 0:0:0:0:0:0:0:1
2025-12-15 09:40:25.463  INFO 18264 --- [http-nio-9000-exec-6] com.instagram.common.aop.LoggingAspect   : ========== PostServiceImpl.getAllPosts() 서비스 호출 ==========
2025-12-15 09:40:25.464  INFO 18264 --- [http-nio-9000-exec-6] com.instagram.common.aop.LoggingAspect   : Parameter : [1]
2025-12-15 09:40:25.464  INFO 18264 --- [http-nio-9000-exec-6] c.i.post.model.service.PostServiceImpl   : ✅ PostServiceImpl: 서비스 레이어 도달 성공
2025-12-15 09:40:25.500  INFO 18264 --- [http-nio-9000-exec-6] com.instagram.common.aop.LoggingAspect   : Running Time : 36ms
2025-12-15 09:40:25.501  INFO 18264 --- [http-nio-9000-exec-6] com.instagram.common.aop.LoggingAspect   : ===================================================================================
2025-12-15 09:40:25.501  INFO 18264 --- [http-nio-9000-exec-6] c.i.post.controller.PostController       : ✅ PostController: 모든 게시물 불러오기 성공
2025-12-15 09:40:25.537  INFO 18264 --- [http-nio-9000-exec-8] com.instagram.common.aop.LoggingAspect   : [StoryController.getAllStories()] 요청 / ip : 0:0:0:0:0:0:0:1
2025-12-15 09:40:25.538  INFO 18264 --- [http-nio-9000-exec-8] com.instagram.common.aop.LoggingAspect   : ========== StoryServiceImpl.getAllStories() 서비스 호출 ==========
2025-12-15 09:40:25.539  INFO 18264 --- [http-nio-9000-exec-8] com.instagram.common.aop.LoggingAspect   : Parameter : []
2025-12-15 09:40:25.539  INFO 18264 --- [http-nio-9000-exec-8] c.i.s.model.service.StoryServiceImpl     : 💡 모든 활성 스토리 조회
2025-12-15 09:40:25.549  INFO 18264 --- [http-nio-9000-exec-8] c.i.s.model.service.StoryServiceImpl     : 💡 조회된 스토리 개수: 0
2025-12-15 09:40:25.549  INFO 18264 --- [http-nio-9000-exec-8] com.instagram.common.aop.LoggingAspect   : Running Time : 10ms
2025-12-15 09:40:25.549  INFO 18264 --- [http-nio-9000-exec-8] com.instagram.common.aop.LoggingAspect   : ===================================================================================
2025-12-15 09:40:25.856  INFO 18264 --- [http-nio-9000-exec-10] com.instagram.common.aop.LoggingAspect   : [StoryController.getAllStories()] 요청 / ip : 0:0:0:0:0:0:0:1
2025-12-15 09:40:25.858  INFO 18264 --- [http-nio-9000-exec-10] com.instagram.common.aop.LoggingAspect   : ========== StoryServiceImpl.getAllStories() 서비스 호출 ==========
2025-12-15 09:40:25.858  INFO 18264 --- [http-nio-9000-exec-10] com.instagram.common.aop.LoggingAspect   : Parameter : []
2025-12-15 09:40:25.858  INFO 18264 --- [http-nio-9000-exec-10] c.i.s.model.service.StoryServiceImpl     : 💡 모든 활성 스토리 조회
2025-12-15 09:40:25.860  INFO 18264 --- [http-nio-9000-exec-10] c.i.s.model.service.StoryServiceImpl     : 💡 조회된 스토리 개수: 0
2025-12-15 09:40:25.860  INFO 18264 --- [http-nio-9000-exec-10] com.instagram.common.aop.LoggingAspect   : Running Time : 2ms
2025-12-15 09:40:25.860  INFO 18264 --- [http-nio-9000-exec-10] com.instagram.common.aop.LoggingAspect   : ===================================================================================
2025-12-15 09:41:07.850  INFO 18264 --- [http-nio-9000-exec-5] com.instagram.common.aop.LoggingAspect   : [UserController.login()] 요청 / ip : 0:0:0:0:0:0:0:1
2025-12-15 09:41:07.850  INFO 18264 --- [http-nio-9000-exec-5] com.instagram.common.aop.LoggingAspect   : ========== UserServiceImpl.login() 서비스 호출 ==========
2025-12-15 09:41:07.850  INFO 18264 --- [http-nio-9000-exec-5] com.instagram.common.aop.LoggingAspect   : Parameter : [emma@email.com, eemmaa1234]
2025-12-15 09:41:07.853  WARN 18264 --- [http-nio-9000-exec-5] c.i.user.model.service.UserServiceImpl   : ⚠️ 로그인 실패 - 존재하지 않는 이메일: emma@email.com
2025-12-15 09:41:07.853  INFO 18264 --- [http-nio-9000-exec-5] com.instagram.common.aop.LoggingAspect   : Running Time : 3ms
2025-12-15 09:41:07.853  INFO 18264 --- [http-nio-9000-exec-5] com.instagram.common.aop.LoggingAspect   : ===================================================================================
2025-12-15 09:41:15.907  INFO 18264 --- [http-nio-9000-exec-4] com.instagram.common.aop.LoggingAspect   : [UserController.login()] 요청 / ip : 0:0:0:0:0:0:0:1
2025-12-15 09:41:15.907  INFO 18264 --- [http-nio-9000-exec-4] com.instagram.common.aop.LoggingAspect   : ========== UserServiceImpl.login() 서비스 호출 ==========
2025-12-15 09:41:15.907  INFO 18264 --- [http-nio-9000-exec-4] com.instagram.common.aop.LoggingAspect   : Parameter : [git@email.com, git1234]
2025-12-15 09:41:15.982  WARN 18264 --- [http-nio-9000-exec-4] c.i.user.model.service.UserServiceImpl   : ⚠️ 로그인 실패 - 잘못된 비밀번호: git@email.com
2025-12-15 09:41:15.982  INFO 18264 --- [http-nio-9000-exec-4] c.i.user.model.service.UserServiceImpl   : ✅ 로그인 성공 - 이메일: git@email.com
2025-12-15 09:41:15.982  INFO 18264 --- [http-nio-9000-exec-4] com.instagram.common.aop.LoggingAspect   : Running Time : 74ms
2025-12-15 09:41:15.982  INFO 18264 --- [http-nio-9000-exec-4] com.instagram.common.aop.LoggingAspect   : ===================================================================================
2025-12-15 09:41:15.983  INFO 18264 --- [http-nio-9000-exec-4] c.i.user.controller.UserController       : ✅ 로그인 성공 - 이메일: {]
2025-12-15 09:41:16.863  INFO 18264 --- [http-nio-9000-exec-10] com.instagram.common.aop.LoggingAspect   : [PostController.getAllPosts()] 요청 / ip : 0:0:0:0:0:0:0:1
2025-12-15 09:41:16.864  INFO 18264 --- [http-nio-9000-exec-10] com.instagram.common.aop.LoggingAspect   : ========== PostServiceImpl.getAllPosts() 서비스 호출 ==========
2025-12-15 09:41:16.864  INFO 18264 --- [http-nio-9000-exec-10] com.instagram.common.aop.LoggingAspect   : Parameter : [3]
2025-12-15 09:41:16.864  INFO 18264 --- [http-nio-9000-exec-10] c.i.post.model.service.PostServiceImpl   : ✅ PostServiceImpl: 서비스 레이어 도달 성공
2025-12-15 09:41:16.906  INFO 18264 --- [http-nio-9000-exec-10] com.instagram.common.aop.LoggingAspect   : Running Time : 42ms
2025-12-15 09:41:16.906  INFO 18264 --- [http-nio-9000-exec-10] com.instagram.common.aop.LoggingAspect   : ===================================================================================
2025-12-15 09:41:16.906  INFO 18264 --- [http-nio-9000-exec-10] c.i.post.controller.PostController       : ✅ PostController: 모든 게시물 불러오기 성공
2025-12-15 09:41:16.911  INFO 18264 --- [http-nio-9000-exec-2] com.instagram.common.aop.LoggingAspect   : [PostController.getAllPosts()] 요청 / ip : 0:0:0:0:0:0:0:1
2025-12-15 09:41:16.912  INFO 18264 --- [http-nio-9000-exec-2] com.instagram.common.aop.LoggingAspect   : ========== PostServiceImpl.getAllPosts() 서비스 호출 ==========
2025-12-15 09:41:16.913  INFO 18264 --- [http-nio-9000-exec-2] com.instagram.common.aop.LoggingAspect   : Parameter : [3]
2025-12-15 09:41:16.913  INFO 18264 --- [http-nio-9000-exec-2] c.i.post.model.service.PostServiceImpl   : ✅ PostServiceImpl: 서비스 레이어 도달 성공
2025-12-15 09:41:16.941  INFO 18264 --- [http-nio-9000-exec-2] com.instagram.common.aop.LoggingAspect   : Running Time : 28ms
2025-12-15 09:41:16.941  INFO 18264 --- [http-nio-9000-exec-2] com.instagram.common.aop.LoggingAspect   : ===================================================================================
2025-12-15 09:41:16.941  INFO 18264 --- [http-nio-9000-exec-2] c.i.post.controller.PostController       : ✅ PostController: 모든 게시물 불러오기 성공
2025-12-15 09:41:16.962  INFO 18264 --- [http-nio-9000-exec-9] com.instagram.common.aop.LoggingAspect   : [StoryController.getAllStories()] 요청 / ip : 0:0:0:0:0:0:0:1
2025-12-15 09:41:16.962  INFO 18264 --- [http-nio-9000-exec-9] com.instagram.common.aop.LoggingAspect   : ========== StoryServiceImpl.getAllStories() 서비스 호출 ==========
2025-12-15 09:41:16.962  INFO 18264 --- [http-nio-9000-exec-9] com.instagram.common.aop.LoggingAspect   : Parameter : []
2025-12-15 09:41:16.962  INFO 18264 --- [http-nio-9000-exec-9] c.i.s.model.service.StoryServiceImpl     : 💡 모든 활성 스토리 조회
2025-12-15 09:41:16.964  INFO 18264 --- [http-nio-9000-exec-9] c.i.s.model.service.StoryServiceImpl     : 💡 조회된 스토리 개수: 0
2025-12-15 09:41:16.964  INFO 18264 --- [http-nio-9000-exec-9] com.instagram.common.aop.LoggingAspect   : Running Time : 2ms
2025-12-15 09:41:16.964  INFO 18264 --- [http-nio-9000-exec-9] com.instagram.common.aop.LoggingAspect   : ===================================================================================
2025-12-15 09:41:17.229  INFO 18264 --- [http-nio-9000-exec-5] com.instagram.common.aop.LoggingAspect   : [StoryController.getAllStories()] 요청 / ip : 0:0:0:0:0:0:0:1
2025-12-15 09:41:17.229  INFO 18264 --- [http-nio-9000-exec-5] com.instagram.common.aop.LoggingAspect   : ========== StoryServiceImpl.getAllStories() 서비스 호출 ==========
2025-12-15 09:41:17.229  INFO 18264 --- [http-nio-9000-exec-5] com.instagram.common.aop.LoggingAspect   : Parameter : []
2025-12-15 09:41:17.229  INFO 18264 --- [http-nio-9000-exec-5] c.i.s.model.service.StoryServiceImpl     : 💡 모든 활성 스토리 조회
2025-12-15 09:41:17.231  INFO 18264 --- [http-nio-9000-exec-5] c.i.s.model.service.StoryServiceImpl     : 💡 조회된 스토리 개수: 0
2025-12-15 09:41:17.231  INFO 18264 --- [http-nio-9000-exec-5] com.instagram.common.aop.LoggingAspect   : Running Time : 2ms
2025-12-15 09:41:17.231  INFO 18264 --- [http-nio-9000-exec-5] com.instagram.common.aop.LoggingAspect   : ===================================================================================
2025-12-15 09:41:45.484  INFO 18264 --- [http-nio-9000-exec-9] com.instagram.common.aop.LoggingAspect   : [UserSearchController.getUserByUsername()] 요청 / ip : 0:0:0:0:0:0:0:1
2025-12-15 09:41:45.485  INFO 18264 --- [http-nio-9000-exec-9] com.instagram.common.aop.LoggingAspect   : ========== UserServiceImpl.getUserByUsername() 서비스 호출 ==========
2025-12-15 09:41:45.485  INFO 18264 --- [http-nio-9000-exec-9] com.instagram.common.aop.LoggingAspect   : Parameter : [git]
2025-12-15 09:41:45.487  INFO 18264 --- [http-nio-9000-exec-9] com.instagram.common.aop.LoggingAspect   : Running Time : 2ms
2025-12-15 09:41:45.487  INFO 18264 --- [http-nio-9000-exec-9] com.instagram.common.aop.LoggingAspect   : ===================================================================================
2025-12-15 09:41:45.530  INFO 18264 --- [http-nio-9000-exec-6] com.instagram.common.aop.LoggingAspect   : [PostController.getAllPostsByUserId()] 요청 / ip : 0:0:0:0:0:0:0:1
2025-12-15 09:41:45.532  INFO 18264 --- [http-nio-9000-exec-6] com.instagram.common.aop.LoggingAspect   : ========== PostServiceImpl.getPostsByUserId() 서비스 호출 ==========
2025-12-15 09:41:45.532  INFO 18264 --- [http-nio-9000-exec-6] com.instagram.common.aop.LoggingAspect   : Parameter : [1]
2025-12-15 09:41:45.560  INFO 18264 --- [http-nio-9000-exec-6] com.instagram.common.aop.LoggingAspect   : Running Time : 27ms
2025-12-15 09:41:45.561  INFO 18264 --- [http-nio-9000-exec-6] com.instagram.common.aop.LoggingAspect   : ===================================================================================
2025-12-15 09:41:45.561  INFO 18264 --- [http-nio-9000-exec-6] c.i.post.controller.PostController       : ✅ PostController: 사용자 게시물 가져오기 성공 - 사용자 ID: 1
2025-12-15 09:41:45.567  INFO 18264 --- [http-nio-9000-exec-1] com.instagram.common.aop.LoggingAspect   : [PostController.getAllPostsByUserId()] 요청 / ip : 0:0:0:0:0:0:0:1
2025-12-15 09:41:45.570  INFO 18264 --- [http-nio-9000-exec-1] com.instagram.common.aop.LoggingAspect   : ========== PostServiceImpl.getPostsByUserId() 서비스 호출 ==========
2025-12-15 09:41:45.572  INFO 18264 --- [http-nio-9000-exec-1] com.instagram.common.aop.LoggingAspect   : Parameter : [1]
2025-12-15 09:41:45.606  INFO 18264 --- [http-nio-9000-exec-1] com.instagram.common.aop.LoggingAspect   : Running Time : 34ms
2025-12-15 09:41:45.606  INFO 18264 --- [http-nio-9000-exec-1] com.instagram.common.aop.LoggingAspect   : ===================================================================================
2025-12-15 09:41:45.606  INFO 18264 --- [http-nio-9000-exec-1] c.i.post.controller.PostController       : ✅ PostController: 사용자 게시물 가져오기 성공 - 사용자 ID: 1
2025-12-15 09:41:47.650  INFO 18264 --- [http-nio-9000-exec-1] com.instagram.common.aop.LoggingAspect   : [PostController.getAllPosts()] 요청 / ip : 0:0:0:0:0:0:0:1
2025-12-15 09:41:47.652  INFO 18264 --- [http-nio-9000-exec-1] com.instagram.common.aop.LoggingAspect   : ========== PostServiceImpl.getAllPosts() 서비스 호출 ==========
2025-12-15 09:41:47.652  INFO 18264 --- [http-nio-9000-exec-1] com.instagram.common.aop.LoggingAspect   : Parameter : [1]
2025-12-15 09:41:47.652  INFO 18264 --- [http-nio-9000-exec-1] c.i.post.model.service.PostServiceImpl   : ✅ PostServiceImpl: 서비스 레이어 도달 성공
2025-12-15 09:41:47.678  INFO 18264 --- [http-nio-9000-exec-1] com.instagram.common.aop.LoggingAspect   : Running Time : 26ms
2025-12-15 09:41:47.678  INFO 18264 --- [http-nio-9000-exec-1] com.instagram.common.aop.LoggingAspect   : ===================================================================================
2025-12-15 09:41:47.678  INFO 18264 --- [http-nio-9000-exec-1] c.i.post.controller.PostController       : ✅ PostController: 모든 게시물 불러오기 성공
2025-12-15 09:41:47.684  INFO 18264 --- [http-nio-9000-exec-10] com.instagram.common.aop.LoggingAspect   : [PostController.getAllPosts()] 요청 / ip : 0:0:0:0:0:0:0:1
2025-12-15 09:41:47.685  INFO 18264 --- [http-nio-9000-exec-10] com.instagram.common.aop.LoggingAspect   : ========== PostServiceImpl.getAllPosts() 서비스 호출 ==========
2025-12-15 09:41:47.685  INFO 18264 --- [http-nio-9000-exec-10] com.instagram.common.aop.LoggingAspect   : Parameter : [1]
2025-12-15 09:41:47.685  INFO 18264 --- [http-nio-9000-exec-10] c.i.post.model.service.PostServiceImpl   : ✅ PostServiceImpl: 서비스 레이어 도달 성공
2025-12-15 09:41:47.717  INFO 18264 --- [http-nio-9000-exec-10] com.instagram.common.aop.LoggingAspect   : Running Time : 32ms
2025-12-15 09:41:47.717  INFO 18264 --- [http-nio-9000-exec-10] com.instagram.common.aop.LoggingAspect   : ===================================================================================
2025-12-15 09:41:47.718  INFO 18264 --- [http-nio-9000-exec-10] c.i.post.controller.PostController       : ✅ PostController: 모든 게시물 불러오기 성공
2025-12-15 09:41:47.734  INFO 18264 --- [http-nio-9000-exec-3] com.instagram.common.aop.LoggingAspect   : [StoryController.getAllStories()] 요청 / ip : 0:0:0:0:0:0:0:1
2025-12-15 09:41:47.735  INFO 18264 --- [http-nio-9000-exec-3] com.instagram.common.aop.LoggingAspect   : ========== StoryServiceImpl.getAllStories() 서비스 호출 ==========
2025-12-15 09:41:47.735  INFO 18264 --- [http-nio-9000-exec-3] com.instagram.common.aop.LoggingAspect   : Parameter : []
2025-12-15 09:41:47.735  INFO 18264 --- [http-nio-9000-exec-3] c.i.s.model.service.StoryServiceImpl     : 💡 모든 활성 스토리 조회
2025-12-15 09:41:47.736  INFO 18264 --- [http-nio-9000-exec-3] c.i.s.model.service.StoryServiceImpl     : 💡 조회된 스토리 개수: 0
2025-12-15 09:41:47.736  INFO 18264 --- [http-nio-9000-exec-3] com.instagram.common.aop.LoggingAspect   : Running Time : 1ms
2025-12-15 09:41:47.736  INFO 18264 --- [http-nio-9000-exec-3] com.instagram.common.aop.LoggingAspect   : ===================================================================================
2025-12-15 09:41:47.903  INFO 18264 --- [http-nio-9000-exec-8] com.instagram.common.aop.LoggingAspect   : [StoryController.getAllStories()] 요청 / ip : 0:0:0:0:0:0:0:1
2025-12-15 09:41:47.903  INFO 18264 --- [http-nio-9000-exec-8] com.instagram.common.aop.LoggingAspect   : ========== StoryServiceImpl.getAllStories() 서비스 호출 ==========
2025-12-15 09:41:47.903  INFO 18264 --- [http-nio-9000-exec-8] com.instagram.common.aop.LoggingAspect   : Parameter : []
2025-12-15 09:41:47.904  INFO 18264 --- [http-nio-9000-exec-8] c.i.s.model.service.StoryServiceImpl     : 💡 모든 활성 스토리 조회
2025-12-15 09:41:47.905  INFO 18264 --- [http-nio-9000-exec-8] c.i.s.model.service.StoryServiceImpl     : 💡 조회된 스토리 개수: 0
2025-12-15 09:41:47.905  INFO 18264 --- [http-nio-9000-exec-8] com.instagram.common.aop.LoggingAspect   : Running Time : 1ms
2025-12-15 09:41:47.905  INFO 18264 --- [http-nio-9000-exec-8] com.instagram.common.aop.LoggingAspect   : ===================================================================================
2025-12-15 09:42:01.342  INFO 18264 --- [http-nio-9000-exec-5] com.instagram.common.aop.LoggingAspect   : [PostController.getAllPostsByUserId()] 요청 / ip : 0:0:0:0:0:0:0:1
2025-12-15 09:42:01.343  INFO 18264 --- [http-nio-9000-exec-5] com.instagram.common.aop.LoggingAspect   : ========== PostServiceImpl.getPostsByUserId() 서비스 호출 ==========
2025-12-15 09:42:01.343  INFO 18264 --- [http-nio-9000-exec-5] com.instagram.common.aop.LoggingAspect   : Parameter : [1]
2025-12-15 09:42:01.363  INFO 18264 --- [http-nio-9000-exec-5] com.instagram.common.aop.LoggingAspect   : Running Time : 20ms
2025-12-15 09:42:01.363  INFO 18264 --- [http-nio-9000-exec-5] com.instagram.common.aop.LoggingAspect   : ===================================================================================
2025-12-15 09:42:01.363  INFO 18264 --- [http-nio-9000-exec-5] c.i.post.controller.PostController       : ✅ PostController: 사용자 게시물 가져오기 성공 - 사용자 ID: 1
2025-12-15 09:42:01.369  INFO 18264 --- [http-nio-9000-exec-6] com.instagram.common.aop.LoggingAspect   : [PostController.getAllPostsByUserId()] 요청 / ip : 0:0:0:0:0:0:0:1
2025-12-15 09:42:01.370  INFO 18264 --- [http-nio-9000-exec-6] com.instagram.common.aop.LoggingAspect   : ========== PostServiceImpl.getPostsByUserId() 서비스 호출 ==========
2025-12-15 09:42:01.370  INFO 18264 --- [http-nio-9000-exec-6] com.instagram.common.aop.LoggingAspect   : Parameter : [1]
2025-12-15 09:42:01.397  INFO 18264 --- [http-nio-9000-exec-6] com.instagram.common.aop.LoggingAspect   : Running Time : 27ms
2025-12-15 09:42:01.397  INFO 18264 --- [http-nio-9000-exec-6] com.instagram.common.aop.LoggingAspect   : ===================================================================================
2025-12-15 09:42:01.397  INFO 18264 --- [http-nio-9000-exec-6] c.i.post.controller.PostController       : ✅ PostController: 사용자 게시물 가져오기 성공 - 사용자 ID: 1
2025-12-15 09:43:23.069  INFO 18264 --- [http-nio-9000-exec-1] com.instagram.common.aop.LoggingAspect   : [PostController.getAllPostsByUserId()] 요청 / ip : 0:0:0:0:0:0:0:1
2025-12-15 09:43:23.069  INFO 18264 --- [http-nio-9000-exec-1] com.instagram.common.aop.LoggingAspect   : ========== PostServiceImpl.getPostsByUserId() 서비스 호출 ==========
2025-12-15 09:43:23.069  INFO 18264 --- [http-nio-9000-exec-1] com.instagram.common.aop.LoggingAspect   : Parameter : [1]
2025-12-15 09:43:23.098  INFO 18264 --- [http-nio-9000-exec-1] com.instagram.common.aop.LoggingAspect   : Running Time : 28ms
2025-12-15 09:43:23.098  INFO 18264 --- [http-nio-9000-exec-1] com.instagram.common.aop.LoggingAspect   : ===================================================================================
2025-12-15 09:43:23.098  INFO 18264 --- [http-nio-9000-exec-1] c.i.post.controller.PostController       : ✅ PostController: 사용자 게시물 가져오기 성공 - 사용자 ID: 1
2025-12-15 09:45:02.959  INFO 18264 --- [http-nio-9000-exec-2] com.instagram.common.aop.LoggingAspect   : [PostController.getAllPostsByUserId()] 요청 / ip : 0:0:0:0:0:0:0:1
2025-12-15 09:45:02.961  INFO 18264 --- [http-nio-9000-exec-2] com.instagram.common.aop.LoggingAspect   : ========== PostServiceImpl.getPostsByUserId() 서비스 호출 ==========
2025-12-15 09:45:02.961  INFO 18264 --- [http-nio-9000-exec-2] com.instagram.common.aop.LoggingAspect   : Parameter : [1]
2025-12-15 09:45:02.989  INFO 18264 --- [http-nio-9000-exec-2] com.instagram.common.aop.LoggingAspect   : Running Time : 28ms
2025-12-15 09:45:02.989  INFO 18264 --- [http-nio-9000-exec-2] com.instagram.common.aop.LoggingAspect   : ===================================================================================
2025-12-15 09:45:02.990  INFO 18264 --- [http-nio-9000-exec-2] c.i.post.controller.PostController       : ✅ PostController: 사용자 게시물 가져오기 성공 - 사용자 ID: 1
2025-12-15 09:45:17.822  INFO 18264 --- [http-nio-9000-exec-2] com.instagram.common.aop.LoggingAspect   : [PostController.getAllPostsByUserId()] 요청 / ip : 0:0:0:0:0:0:0:1
2025-12-15 09:45:17.823  INFO 18264 --- [http-nio-9000-exec-2] com.instagram.common.aop.LoggingAspect   : ========== PostServiceImpl.getPostsByUserId() 서비스 호출 ==========
2025-12-15 09:45:17.823  INFO 18264 --- [http-nio-9000-exec-2] com.instagram.common.aop.LoggingAspect   : Parameter : [1]
2025-12-15 09:45:17.844  INFO 18264 --- [http-nio-9000-exec-2] com.instagram.common.aop.LoggingAspect   : Running Time : 21ms
2025-12-15 09:45:17.844  INFO 18264 --- [http-nio-9000-exec-2] com.instagram.common.aop.LoggingAspect   : ===================================================================================
2025-12-15 09:45:17.844  INFO 18264 --- [http-nio-9000-exec-2] c.i.post.controller.PostController       : ✅ PostController: 사용자 게시물 가져오기 성공 - 사용자 ID: 1
2025-12-15 09:45:19.846  INFO 18264 --- [http-nio-9000-exec-3] com.instagram.common.aop.LoggingAspect   : [PostController.getAllPostsByUserId()] 요청 / ip : 0:0:0:0:0:0:0:1
2025-12-15 09:45:19.850  INFO 18264 --- [http-nio-9000-exec-3] com.instagram.common.aop.LoggingAspect   : ========== PostServiceImpl.getPostsByUserId() 서비스 호출 ==========
2025-12-15 09:45:19.850  INFO 18264 --- [http-nio-9000-exec-3] com.instagram.common.aop.LoggingAspect   : Parameter : [1]
2025-12-15 09:45:19.897  INFO 18264 --- [http-nio-9000-exec-3] com.instagram.common.aop.LoggingAspect   : Running Time : 47ms
2025-12-15 09:45:19.898  INFO 18264 --- [http-nio-9000-exec-3] com.instagram.common.aop.LoggingAspect   : ===================================================================================
2025-12-15 09:45:19.898  INFO 18264 --- [http-nio-9000-exec-3] c.i.post.controller.PostController       : ✅ PostController: 사용자 게시물 가져오기 성공 - 사용자 ID: 1
2025-12-15 09:45:19.906  INFO 18264 --- [http-nio-9000-exec-4] com.instagram.common.aop.LoggingAspect   : [PostController.getAllPostsByUserId()] 요청 / ip : 0:0:0:0:0:0:0:1
2025-12-15 09:45:19.909  INFO 18264 --- [http-nio-9000-exec-4] com.instagram.common.aop.LoggingAspect   : ========== PostServiceImpl.getPostsByUserId() 서비스 호출 ==========
2025-12-15 09:45:19.910  INFO 18264 --- [http-nio-9000-exec-4] com.instagram.common.aop.LoggingAspect   : Parameter : [1]
2025-12-15 09:45:19.955  INFO 18264 --- [http-nio-9000-exec-4] com.instagram.common.aop.LoggingAspect   : Running Time : 45ms
2025-12-15 09:45:19.956  INFO 18264 --- [http-nio-9000-exec-4] com.instagram.common.aop.LoggingAspect   : ===================================================================================
2025-12-15 09:45:19.956  INFO 18264 --- [http-nio-9000-exec-4] c.i.post.controller.PostController       : ✅ PostController: 사용자 게시물 가져오기 성공 - 사용자 ID: 1
2025-12-15 09:46:06.990  INFO 18264 --- [http-nio-9000-exec-2] com.instagram.common.aop.LoggingAspect   : [PostController.getAllPostsByUserId()] 요청 / ip : 0:0:0:0:0:0:0:1
2025-12-15 09:46:06.992  INFO 18264 --- [http-nio-9000-exec-2] com.instagram.common.aop.LoggingAspect   : ========== PostServiceImpl.getPostsByUserId() 서비스 호출 ==========
2025-12-15 09:46:06.993  INFO 18264 --- [http-nio-9000-exec-2] com.instagram.common.aop.LoggingAspect   : Parameter : [1]
2025-12-15 09:46:07.030  INFO 18264 --- [http-nio-9000-exec-2] com.instagram.common.aop.LoggingAspect   : Running Time : 37ms
2025-12-15 09:46:07.030  INFO 18264 --- [http-nio-9000-exec-2] com.instagram.common.aop.LoggingAspect   : ===================================================================================
2025-12-15 09:46:07.030  INFO 18264 --- [http-nio-9000-exec-2] c.i.post.controller.PostController       : ✅ PostController: 사용자 게시물 가져오기 성공 - 사용자 ID: 1
2025-12-15 09:46:07.066  INFO 18264 --- [http-nio-9000-exec-8] com.instagram.common.aop.LoggingAspect   : [PostController.getAllPostsByUserId()] 요청 / ip : 0:0:0:0:0:0:0:1
2025-12-15 09:46:07.067  INFO 18264 --- [http-nio-9000-exec-8] com.instagram.common.aop.LoggingAspect   : ========== PostServiceImpl.getPostsByUserId() 서비스 호출 ==========
2025-12-15 09:46:07.067  INFO 18264 --- [http-nio-9000-exec-8] com.instagram.common.aop.LoggingAspect   : Parameter : [1]
2025-12-15 09:46:07.097  INFO 18264 --- [http-nio-9000-exec-8] com.instagram.common.aop.LoggingAspect   : Running Time : 30ms
2025-12-15 09:46:07.098  INFO 18264 --- [http-nio-9000-exec-8] com.instagram.common.aop.LoggingAspect   : ===================================================================================
2025-12-15 09:46:07.098  INFO 18264 --- [http-nio-9000-exec-8] c.i.post.controller.PostController       : ✅ PostController: 사용자 게시물 가져오기 성공 - 사용자 ID: 1
2025-12-15 09:46:07.891  INFO 18264 --- [http-nio-9000-exec-3] com.instagram.common.aop.LoggingAspect   : [PostController.getAllPosts()] 요청 / ip : 0:0:0:0:0:0:0:1
2025-12-15 09:46:07.892  INFO 18264 --- [http-nio-9000-exec-3] com.instagram.common.aop.LoggingAspect   : ========== PostServiceImpl.getAllPosts() 서비스 호출 ==========
2025-12-15 09:46:07.892  INFO 18264 --- [http-nio-9000-exec-3] com.instagram.common.aop.LoggingAspect   : Parameter : [1]
2025-12-15 09:46:07.892  INFO 18264 --- [http-nio-9000-exec-3] c.i.post.model.service.PostServiceImpl   : ✅ PostServiceImpl: 서비스 레이어 도달 성공
2025-12-15 09:46:07.921  INFO 18264 --- [http-nio-9000-exec-3] com.instagram.common.aop.LoggingAspect   : Running Time : 29ms
2025-12-15 09:46:07.921  INFO 18264 --- [http-nio-9000-exec-3] com.instagram.common.aop.LoggingAspect   : ===================================================================================
2025-12-15 09:46:07.922  INFO 18264 --- [http-nio-9000-exec-3] c.i.post.controller.PostController       : ✅ PostController: 모든 게시물 불러오기 성공
2025-12-15 09:46:08.002  INFO 18264 --- [http-nio-9000-exec-5] com.instagram.common.aop.LoggingAspect   : [PostController.getAllPosts()] 요청 / ip : 0:0:0:0:0:0:0:1
2025-12-15 09:46:08.003  INFO 18264 --- [http-nio-9000-exec-5] com.instagram.common.aop.LoggingAspect   : ========== PostServiceImpl.getAllPosts() 서비스 호출 ==========
2025-12-15 09:46:08.003  INFO 18264 --- [http-nio-9000-exec-5] com.instagram.common.aop.LoggingAspect   : Parameter : [1]
2025-12-15 09:46:08.003  INFO 18264 --- [http-nio-9000-exec-5] c.i.post.model.service.PostServiceImpl   : ✅ PostServiceImpl: 서비스 레이어 도달 성공
2025-12-15 09:46:08.023  INFO 18264 --- [http-nio-9000-exec-4] com.instagram.common.aop.LoggingAspect   : [StoryController.getAllStories()] 요청 / ip : 0:0:0:0:0:0:0:1
2025-12-15 09:46:08.023  INFO 18264 --- [http-nio-9000-exec-4] com.instagram.common.aop.LoggingAspect   : ========== StoryServiceImpl.getAllStories() 서비스 호출 ==========
2025-12-15 09:46:08.023  INFO 18264 --- [http-nio-9000-exec-4] com.instagram.common.aop.LoggingAspect   : Parameter : []
2025-12-15 09:46:08.023  INFO 18264 --- [http-nio-9000-exec-4] c.i.s.model.service.StoryServiceImpl     : 💡 모든 활성 스토리 조회
2025-12-15 09:46:08.036  INFO 18264 --- [http-nio-9000-exec-5] com.instagram.common.aop.LoggingAspect   : Running Time : 33ms
2025-12-15 09:46:08.036  INFO 18264 --- [http-nio-9000-exec-5] com.instagram.common.aop.LoggingAspect   : ===================================================================================
2025-12-15 09:46:08.036  INFO 18264 --- [http-nio-9000-exec-5] c.i.post.controller.PostController       : ✅ PostController: 모든 게시물 불러오기 성공
2025-12-15 09:46:08.037  INFO 18264 --- [http-nio-9000-exec-4] c.i.s.model.service.StoryServiceImpl     : 💡 조회된 스토리 개수: 0
2025-12-15 09:46:08.037  INFO 18264 --- [http-nio-9000-exec-4] com.instagram.common.aop.LoggingAspect   : Running Time : 14ms
2025-12-15 09:46:08.037  INFO 18264 --- [http-nio-9000-exec-4] com.instagram.common.aop.LoggingAspect   : ===================================================================================
2025-12-15 09:46:08.279  INFO 18264 --- [http-nio-9000-exec-3] com.instagram.common.aop.LoggingAspect   : [StoryController.getAllStories()] 요청 / ip : 0:0:0:0:0:0:0:1
2025-12-15 09:46:08.279  INFO 18264 --- [http-nio-9000-exec-3] com.instagram.common.aop.LoggingAspect   : ========== StoryServiceImpl.getAllStories() 서비스 호출 ==========
2025-12-15 09:46:08.279  INFO 18264 --- [http-nio-9000-exec-3] com.instagram.common.aop.LoggingAspect   : Parameter : []
2025-12-15 09:46:08.279  INFO 18264 --- [http-nio-9000-exec-3] c.i.s.model.service.StoryServiceImpl     : 💡 모든 활성 스토리 조회
2025-12-15 09:46:08.281  INFO 18264 --- [http-nio-9000-exec-3] c.i.s.model.service.StoryServiceImpl     : 💡 조회된 스토리 개수: 0
2025-12-15 09:46:08.281  INFO 18264 --- [http-nio-9000-exec-3] com.instagram.common.aop.LoggingAspect   : Running Time : 2ms
2025-12-15 09:46:08.281  INFO 18264 --- [http-nio-9000-exec-3] com.instagram.common.aop.LoggingAspect   : ===================================================================================
2025-12-15 09:47:54.882  INFO 18264 --- [http-nio-9000-exec-3] com.instagram.common.aop.LoggingAspect   : [PostController.getAllPosts()] 요청 / ip : 0:0:0:0:0:0:0:1
2025-12-15 09:47:54.884  INFO 18264 --- [http-nio-9000-exec-3] com.instagram.common.aop.LoggingAspect   : ========== PostServiceImpl.getAllPosts() 서비스 호출 ==========
2025-12-15 09:47:54.884  INFO 18264 --- [http-nio-9000-exec-3] com.instagram.common.aop.LoggingAspect   : Parameter : [1]
2025-12-15 09:47:54.884  INFO 18264 --- [http-nio-9000-exec-3] c.i.post.model.service.PostServiceImpl   : ✅ PostServiceImpl: 서비스 레이어 도달 성공
2025-12-15 09:47:54.904  INFO 18264 --- [http-nio-9000-exec-3] com.instagram.common.aop.LoggingAspect   : Running Time : 20ms
2025-12-15 09:47:54.904  INFO 18264 --- [http-nio-9000-exec-3] com.instagram.common.aop.LoggingAspect   : ===================================================================================
2025-12-15 09:47:54.904  INFO 18264 --- [http-nio-9000-exec-3] c.i.post.controller.PostController       : ✅ PostController: 모든 게시물 불러오기 성공
2025-12-15 09:47:54.908  INFO 18264 --- [http-nio-9000-exec-4] com.instagram.common.aop.LoggingAspect   : [PostController.getAllPosts()] 요청 / ip : 0:0:0:0:0:0:0:1
2025-12-15 09:47:54.911  INFO 18264 --- [http-nio-9000-exec-4] com.instagram.common.aop.LoggingAspect   : ========== PostServiceImpl.getAllPosts() 서비스 호출 ==========
2025-12-15 09:47:54.911  INFO 18264 --- [http-nio-9000-exec-4] com.instagram.common.aop.LoggingAspect   : Parameter : [1]
2025-12-15 09:47:54.912  INFO 18264 --- [http-nio-9000-exec-4] c.i.post.model.service.PostServiceImpl   : ✅ PostServiceImpl: 서비스 레이어 도달 성공
2025-12-15 09:47:54.953  INFO 18264 --- [http-nio-9000-exec-4] com.instagram.common.aop.LoggingAspect   : Running Time : 40ms
2025-12-15 09:47:54.953  INFO 18264 --- [http-nio-9000-exec-4] com.instagram.common.aop.LoggingAspect   : ===================================================================================
2025-12-15 09:47:54.953  INFO 18264 --- [http-nio-9000-exec-4] c.i.post.controller.PostController       : ✅ PostController: 모든 게시물 불러오기 성공
2025-12-15 09:47:54.972  INFO 18264 --- [http-nio-9000-exec-10] com.instagram.common.aop.LoggingAspect   : [StoryController.getAllStories()] 요청 / ip : 0:0:0:0:0:0:0:1
2025-12-15 09:47:54.972  INFO 18264 --- [http-nio-9000-exec-10] com.instagram.common.aop.LoggingAspect   : ========== StoryServiceImpl.getAllStories() 서비스 호출 ==========
2025-12-15 09:47:54.972  INFO 18264 --- [http-nio-9000-exec-10] com.instagram.common.aop.LoggingAspect   : Parameter : []
2025-12-15 09:47:54.972  INFO 18264 --- [http-nio-9000-exec-10] c.i.s.model.service.StoryServiceImpl     : 💡 모든 활성 스토리 조회
2025-12-15 09:47:54.973  INFO 18264 --- [http-nio-9000-exec-10] c.i.s.model.service.StoryServiceImpl     : 💡 조회된 스토리 개수: 0
2025-12-15 09:47:54.974  INFO 18264 --- [http-nio-9000-exec-10] com.instagram.common.aop.LoggingAspect   : Running Time : 2ms
2025-12-15 09:47:54.974  INFO 18264 --- [http-nio-9000-exec-10] com.instagram.common.aop.LoggingAspect   : ===================================================================================
2025-12-15 09:47:55.138  INFO 18264 --- [http-nio-9000-exec-1] com.instagram.common.aop.LoggingAspect   : [StoryController.getAllStories()] 요청 / ip : 0:0:0:0:0:0:0:1
2025-12-15 09:47:55.138  INFO 18264 --- [http-nio-9000-exec-1] com.instagram.common.aop.LoggingAspect   : ========== StoryServiceImpl.getAllStories() 서비스 호출 ==========
2025-12-15 09:47:55.138  INFO 18264 --- [http-nio-9000-exec-1] com.instagram.common.aop.LoggingAspect   : Parameter : []
2025-12-15 09:47:55.138  INFO 18264 --- [http-nio-9000-exec-1] c.i.s.model.service.StoryServiceImpl     : 💡 모든 활성 스토리 조회
2025-12-15 09:47:55.139  INFO 18264 --- [http-nio-9000-exec-1] c.i.s.model.service.StoryServiceImpl     : 💡 조회된 스토리 개수: 0
2025-12-15 09:47:55.140  INFO 18264 --- [http-nio-9000-exec-1] com.instagram.common.aop.LoggingAspect   : Running Time : 2ms
2025-12-15 09:47:55.140  INFO 18264 --- [http-nio-9000-exec-1] com.instagram.common.aop.LoggingAspect   : ===================================================================================
2025-12-15 09:48:41.902  INFO 18264 --- [http-nio-9000-exec-8] com.instagram.common.aop.LoggingAspect   : [UserSearchController.searchUsers()] 요청 / ip : 0:0:0:0:0:0:0:1
2025-12-15 09:48:41.902  INFO 18264 --- [http-nio-9000-exec-8] com.instagram.common.aop.LoggingAspect   : ========== UserServiceImpl.searchUsers() 서비스 호출 ==========
2025-12-15 09:48:41.902  INFO 18264 --- [http-nio-9000-exec-8] com.instagram.common.aop.LoggingAspect   : Parameter : [ㅎ]
2025-12-15 09:48:41.909  INFO 18264 --- [http-nio-9000-exec-8] com.instagram.common.aop.LoggingAspect   : Running Time : 6ms
2025-12-15 09:48:41.909  INFO 18264 --- [http-nio-9000-exec-8] com.instagram.common.aop.LoggingAspect   : ===================================================================================
2025-12-15 09:48:41.977  INFO 18264 --- [http-nio-9000-exec-10] com.instagram.common.aop.LoggingAspect   : [UserSearchController.searchUsers()] 요청 / ip : 0:0:0:0:0:0:0:1
2025-12-15 09:48:41.977  INFO 18264 --- [http-nio-9000-exec-10] com.instagram.common.aop.LoggingAspect   : ========== UserServiceImpl.searchUsers() 서비스 호출 ==========
2025-12-15 09:48:41.978  INFO 18264 --- [http-nio-9000-exec-10] com.instagram.common.aop.LoggingAspect   : Parameter : [햐]
2025-12-15 09:48:41.979  INFO 18264 --- [http-nio-9000-exec-10] com.instagram.common.aop.LoggingAspect   : Running Time : 1ms
2025-12-15 09:48:41.979  INFO 18264 --- [http-nio-9000-exec-10] com.instagram.common.aop.LoggingAspect   : ===================================================================================
2025-12-15 09:48:42.143  INFO 18264 --- [http-nio-9000-exec-1] com.instagram.common.aop.LoggingAspect   : [UserSearchController.searchUsers()] 요청 / ip : 0:0:0:0:0:0:0:1
2025-12-15 09:48:42.143  INFO 18264 --- [http-nio-9000-exec-1] com.instagram.common.aop.LoggingAspect   : ========== UserServiceImpl.searchUsers() 서비스 호출 ==========
2025-12-15 09:48:42.143  INFO 18264 --- [http-nio-9000-exec-1] com.instagram.common.aop.LoggingAspect   : Parameter : [햣]
2025-12-15 09:48:42.144  INFO 18264 --- [http-nio-9000-exec-1] com.instagram.common.aop.LoggingAspect   : Running Time : 1ms
2025-12-15 09:48:42.144  INFO 18264 --- [http-nio-9000-exec-1] com.instagram.common.aop.LoggingAspect   : ===================================================================================
2025-12-15 09:48:42.560  INFO 18264 --- [http-nio-9000-exec-6] com.instagram.common.aop.LoggingAspect   : [UserSearchController.searchUsers()] 요청 / ip : 0:0:0:0:0:0:0:1
2025-12-15 09:48:42.560  INFO 18264 --- [http-nio-9000-exec-6] com.instagram.common.aop.LoggingAspect   : ========== UserServiceImpl.searchUsers() 서비스 호출 ==========
2025-12-15 09:48:42.560  INFO 18264 --- [http-nio-9000-exec-6] com.instagram.common.aop.LoggingAspect   : Parameter : [햐]
2025-12-15 09:48:42.561  INFO 18264 --- [http-nio-9000-exec-6] com.instagram.common.aop.LoggingAspect   : Running Time : 1ms
2025-12-15 09:48:42.562  INFO 18264 --- [http-nio-9000-exec-6] com.instagram.common.aop.LoggingAspect   : ===================================================================================
2025-12-15 09:48:42.703  INFO 18264 --- [http-nio-9000-exec-4] com.instagram.common.aop.LoggingAspect   : [UserSearchController.searchUsers()] 요청 / ip : 0:0:0:0:0:0:0:1
2025-12-15 09:48:42.703  INFO 18264 --- [http-nio-9000-exec-4] com.instagram.common.aop.LoggingAspect   : ========== UserServiceImpl.searchUsers() 서비스 호출 ==========
2025-12-15 09:48:42.703  INFO 18264 --- [http-nio-9000-exec-4] com.instagram.common.aop.LoggingAspect   : Parameter : [ㅎ]
2025-12-15 09:48:42.705  INFO 18264 --- [http-nio-9000-exec-4] com.instagram.common.aop.LoggingAspect   : Running Time : 2ms
2025-12-15 09:48:42.705  INFO 18264 --- [http-nio-9000-exec-4] com.instagram.common.aop.LoggingAspect   : ===================================================================================
2025-12-15 09:48:43.556  INFO 18264 --- [http-nio-9000-exec-3] com.instagram.common.aop.LoggingAspect   : [UserSearchController.searchUsers()] 요청 / ip : 0:0:0:0:0:0:0:1
2025-12-15 09:48:43.556  INFO 18264 --- [http-nio-9000-exec-3] com.instagram.common.aop.LoggingAspect   : ========== UserServiceImpl.searchUsers() 서비스 호출 ==========
2025-12-15 09:48:43.556  INFO 18264 --- [http-nio-9000-exec-3] com.instagram.common.aop.LoggingAspect   : Parameter : [E]
2025-12-15 09:48:43.558  INFO 18264 --- [http-nio-9000-exec-3] com.instagram.common.aop.LoggingAspect   : Running Time : 2ms
2025-12-15 09:48:43.558  INFO 18264 --- [http-nio-9000-exec-3] com.instagram.common.aop.LoggingAspect   : ===================================================================================
2025-12-15 09:48:43.757  INFO 18264 --- [http-nio-9000-exec-8] com.instagram.common.aop.LoggingAspect   : [UserSearchController.searchUsers()] 요청 / ip : 0:0:0:0:0:0:0:1
2025-12-15 09:48:43.757  INFO 18264 --- [http-nio-9000-exec-8] com.instagram.common.aop.LoggingAspect   : ========== UserServiceImpl.searchUsers() 서비스 호출 ==========
2025-12-15 09:48:43.757  INFO 18264 --- [http-nio-9000-exec-8] com.instagram.common.aop.LoggingAspect   : Parameter : [Em]
2025-12-15 09:48:43.758  INFO 18264 --- [http-nio-9000-exec-8] com.instagram.common.aop.LoggingAspect   : Running Time : 1ms
2025-12-15 09:48:43.759  INFO 18264 --- [http-nio-9000-exec-8] com.instagram.common.aop.LoggingAspect   : ===================================================================================
2025-12-15 09:48:43.896  INFO 18264 --- [http-nio-9000-exec-10] com.instagram.common.aop.LoggingAspect   : [UserSearchController.searchUsers()] 요청 / ip : 0:0:0:0:0:0:0:1
2025-12-15 09:48:43.896  INFO 18264 --- [http-nio-9000-exec-10] com.instagram.common.aop.LoggingAspect   : ========== UserServiceImpl.searchUsers() 서비스 호출 ==========
2025-12-15 09:48:43.896  INFO 18264 --- [http-nio-9000-exec-10] com.instagram.common.aop.LoggingAspect   : Parameter : [Emm]
2025-12-15 09:48:43.897  INFO 18264 --- [http-nio-9000-exec-10] com.instagram.common.aop.LoggingAspect   : Running Time : 1ms
2025-12-15 09:48:43.897  INFO 18264 --- [http-nio-9000-exec-10] com.instagram.common.aop.LoggingAspect   : ===================================================================================
2025-12-15 09:48:43.992  INFO 18264 --- [http-nio-9000-exec-1] com.instagram.common.aop.LoggingAspect   : [UserSearchController.searchUsers()] 요청 / ip : 0:0:0:0:0:0:0:1
2025-12-15 09:48:43.992  INFO 18264 --- [http-nio-9000-exec-1] com.instagram.common.aop.LoggingAspect   : ========== UserServiceImpl.searchUsers() 서비스 호출 ==========
2025-12-15 09:48:43.992  INFO 18264 --- [http-nio-9000-exec-1] com.instagram.common.aop.LoggingAspect   : Parameter : [Emma]
2025-12-15 09:48:43.994  INFO 18264 --- [http-nio-9000-exec-1] com.instagram.common.aop.LoggingAspect   : Running Time : 2ms
2025-12-15 09:48:43.994  INFO 18264 --- [http-nio-9000-exec-1] com.instagram.common.aop.LoggingAspect   : ===================================================================================
2025-12-15 09:48:47.567  INFO 18264 --- [http-nio-9000-exec-6] com.instagram.common.aop.LoggingAspect   : [PostController.createPost()] 요청 / ip : 0:0:0:0:0:0:0:1
2025-12-15 09:48:47.569  INFO 18264 --- [http-nio-9000-exec-6] com.instagram.common.aop.LoggingAspect   : ========== PostServiceImpl.createPost() 서비스 호출 ==========
2025-12-15 09:48:47.569  INFO 18264 --- [http-nio-9000-exec-6] com.instagram.common.aop.LoggingAspect   : Parameter : [org.springframework.web.multipart.support.StandardMultipartHttpServletRequest$StandardMultipartFile@1dd34f2, 메리 크리스마스! @Emma , Seoul, Korea, 1]
2025-12-15 09:48:47.580  INFO 18264 --- [http-nio-9000-exec-6] c.i.common.util.FileUploadService        : ✅ 게시물 이미지 업로드 성공: 2025 크리스마스 엽서2 (앞).jpg -> 942d0bd1-7bf9-44fb-aaff-6387ee7bcc24.jpg
2025-12-15 09:48:47.597  INFO 18264 --- [http-nio-9000-exec-6] com.instagram.common.aop.LoggingAspect   : Running Time : 28ms
2025-12-15 09:48:47.597  INFO 18264 --- [http-nio-9000-exec-6] com.instagram.common.aop.LoggingAspect   : ===================================================================================
2025-12-15 09:48:48.687  INFO 18264 --- [http-nio-9000-exec-4] com.instagram.common.aop.LoggingAspect   : [PostController.getAllPosts()] 요청 / ip : 0:0:0:0:0:0:0:1
2025-12-15 09:48:48.689  INFO 18264 --- [http-nio-9000-exec-4] com.instagram.common.aop.LoggingAspect   : ========== PostServiceImpl.getAllPosts() 서비스 호출 ==========
2025-12-15 09:48:48.689  INFO 18264 --- [http-nio-9000-exec-4] com.instagram.common.aop.LoggingAspect   : Parameter : [1]
2025-12-15 09:48:48.689  INFO 18264 --- [http-nio-9000-exec-4] c.i.post.model.service.PostServiceImpl   : ✅ PostServiceImpl: 서비스 레이어 도달 성공
2025-12-15 09:48:48.715  INFO 18264 --- [http-nio-9000-exec-4] com.instagram.common.aop.LoggingAspect   : Running Time : 26ms
2025-12-15 09:48:48.715  INFO 18264 --- [http-nio-9000-exec-4] com.instagram.common.aop.LoggingAspect   : ===================================================================================
2025-12-15 09:48:48.715  INFO 18264 --- [http-nio-9000-exec-4] c.i.post.controller.PostController       : ✅ PostController: 모든 게시물 불러오기 성공
2025-12-15 09:48:48.722  INFO 18264 --- [http-nio-9000-exec-9] com.instagram.common.aop.LoggingAspect   : [PostController.getAllPosts()] 요청 / ip : 0:0:0:0:0:0:0:1
2025-12-15 09:48:48.724  INFO 18264 --- [http-nio-9000-exec-9] com.instagram.common.aop.LoggingAspect   : ========== PostServiceImpl.getAllPosts() 서비스 호출 ==========
2025-12-15 09:48:48.725  INFO 18264 --- [http-nio-9000-exec-9] com.instagram.common.aop.LoggingAspect   : Parameter : [1]
2025-12-15 09:48:48.725  INFO 18264 --- [http-nio-9000-exec-9] c.i.post.model.service.PostServiceImpl   : ✅ PostServiceImpl: 서비스 레이어 도달 성공
2025-12-15 09:48:48.753  INFO 18264 --- [http-nio-9000-exec-9] com.instagram.common.aop.LoggingAspect   : Running Time : 28ms
2025-12-15 09:48:48.753  INFO 18264 --- [http-nio-9000-exec-9] com.instagram.common.aop.LoggingAspect   : ===================================================================================
2025-12-15 09:48:48.753  INFO 18264 --- [http-nio-9000-exec-9] c.i.post.controller.PostController       : ✅ PostController: 모든 게시물 불러오기 성공
2025-12-15 09:48:48.773  INFO 18264 --- [http-nio-9000-exec-3] com.instagram.common.aop.LoggingAspect   : [StoryController.getAllStories()] 요청 / ip : 0:0:0:0:0:0:0:1
2025-12-15 09:48:48.774  INFO 18264 --- [http-nio-9000-exec-3] com.instagram.common.aop.LoggingAspect   : ========== StoryServiceImpl.getAllStories() 서비스 호출 ==========
2025-12-15 09:48:48.774  INFO 18264 --- [http-nio-9000-exec-3] com.instagram.common.aop.LoggingAspect   : Parameter : []
2025-12-15 09:48:48.774  INFO 18264 --- [http-nio-9000-exec-3] c.i.s.model.service.StoryServiceImpl     : 💡 모든 활성 스토리 조회
2025-12-15 09:48:48.775  INFO 18264 --- [http-nio-9000-exec-3] c.i.s.model.service.StoryServiceImpl     : 💡 조회된 스토리 개수: 0
2025-12-15 09:48:48.775  INFO 18264 --- [http-nio-9000-exec-3] com.instagram.common.aop.LoggingAspect   : Running Time : 1ms
2025-12-15 09:48:48.775  INFO 18264 --- [http-nio-9000-exec-3] com.instagram.common.aop.LoggingAspect   : ===================================================================================
2025-12-15 09:48:49.028  INFO 18264 --- [http-nio-9000-exec-7] com.instagram.common.aop.LoggingAspect   : [StoryController.getAllStories()] 요청 / ip : 0:0:0:0:0:0:0:1
2025-12-15 09:48:49.028  INFO 18264 --- [http-nio-9000-exec-7] com.instagram.common.aop.LoggingAspect   : ========== StoryServiceImpl.getAllStories() 서비스 호출 ==========
2025-12-15 09:48:49.028  INFO 18264 --- [http-nio-9000-exec-7] com.instagram.common.aop.LoggingAspect   : Parameter : []
2025-12-15 09:48:49.028  INFO 18264 --- [http-nio-9000-exec-7] c.i.s.model.service.StoryServiceImpl     : 💡 모든 활성 스토리 조회
2025-12-15 09:48:49.029  INFO 18264 --- [http-nio-9000-exec-7] c.i.s.model.service.StoryServiceImpl     : 💡 조회된 스토리 개수: 0
2025-12-15 09:48:49.029  INFO 18264 --- [http-nio-9000-exec-7] com.instagram.common.aop.LoggingAspect   : Running Time : 1ms
2025-12-15 09:48:49.029  INFO 18264 --- [http-nio-9000-exec-7] com.instagram.common.aop.LoggingAspect   : ===================================================================================
2025-12-15 09:48:51.756  INFO 18264 --- [http-nio-9000-exec-6] com.instagram.common.aop.LoggingAspect   : [UserSearchController.getUserByUsername()] 요청 / ip : 0:0:0:0:0:0:0:1
2025-12-15 09:48:51.756  INFO 18264 --- [http-nio-9000-exec-6] com.instagram.common.aop.LoggingAspect   : ========== UserServiceImpl.getUserByUsername() 서비스 호출 ==========
2025-12-15 09:48:51.756  INFO 18264 --- [http-nio-9000-exec-6] com.instagram.common.aop.LoggingAspect   : Parameter : [Emma]
2025-12-15 09:48:51.758  INFO 18264 --- [http-nio-9000-exec-6] com.instagram.common.aop.LoggingAspect   : Running Time : 2ms
2025-12-15 09:48:51.758  INFO 18264 --- [http-nio-9000-exec-6] com.instagram.common.aop.LoggingAspect   : ===================================================================================
2025-12-15 09:48:51.778  INFO 18264 --- [http-nio-9000-exec-3] com.instagram.common.aop.LoggingAspect   : [PostController.getAllPostsByUserId()] 요청 / ip : 0:0:0:0:0:0:0:1
2025-12-15 09:48:51.779  INFO 18264 --- [http-nio-9000-exec-3] com.instagram.common.aop.LoggingAspect   : ========== PostServiceImpl.getPostsByUserId() 서비스 호출 ==========
2025-12-15 09:48:51.779  INFO 18264 --- [http-nio-9000-exec-3] com.instagram.common.aop.LoggingAspect   : Parameter : [1]
2025-12-15 09:48:51.805  INFO 18264 --- [http-nio-9000-exec-3] com.instagram.common.aop.LoggingAspect   : Running Time : 26ms
2025-12-15 09:48:51.805  INFO 18264 --- [http-nio-9000-exec-3] com.instagram.common.aop.LoggingAspect   : ===================================================================================
2025-12-15 09:48:51.805  INFO 18264 --- [http-nio-9000-exec-3] c.i.post.controller.PostController       : ✅ PostController: 사용자 게시물 가져오기 성공 - 사용자 ID: 1
2025-12-15 09:48:51.810  INFO 18264 --- [http-nio-9000-exec-5] com.instagram.common.aop.LoggingAspect   : [PostController.getAllPostsByUserId()] 요청 / ip : 0:0:0:0:0:0:0:1
2025-12-15 09:48:51.812  INFO 18264 --- [http-nio-9000-exec-5] com.instagram.common.aop.LoggingAspect   : ========== PostServiceImpl.getPostsByUserId() 서비스 호출 ==========
2025-12-15 09:48:51.813  INFO 18264 --- [http-nio-9000-exec-5] com.instagram.common.aop.LoggingAspect   : Parameter : [1]
2025-12-15 09:48:51.841  INFO 18264 --- [http-nio-9000-exec-5] com.instagram.common.aop.LoggingAspect   : Running Time : 28ms
2025-12-15 09:48:51.841  INFO 18264 --- [http-nio-9000-exec-5] com.instagram.common.aop.LoggingAspect   : ===================================================================================
2025-12-15 09:48:51.841  INFO 18264 --- [http-nio-9000-exec-5] c.i.post.controller.PostController       : ✅ PostController: 사용자 게시물 가져오기 성공 - 사용자 ID: 1
2025-12-15 09:48:54.631  INFO 18264 --- [http-nio-9000-exec-8] com.instagram.common.aop.LoggingAspect   : [PostController.getAllPosts()] 요청 / ip : 0:0:0:0:0:0:0:1
2025-12-15 09:48:54.632  INFO 18264 --- [http-nio-9000-exec-8] com.instagram.common.aop.LoggingAspect   : ========== PostServiceImpl.getAllPosts() 서비스 호출 ==========
2025-12-15 09:48:54.632  INFO 18264 --- [http-nio-9000-exec-8] com.instagram.common.aop.LoggingAspect   : Parameter : [1]
2025-12-15 09:48:54.632  INFO 18264 --- [http-nio-9000-exec-8] c.i.post.model.service.PostServiceImpl   : ✅ PostServiceImpl: 서비스 레이어 도달 성공
2025-12-15 09:48:54.651  INFO 18264 --- [http-nio-9000-exec-8] com.instagram.common.aop.LoggingAspect   : Running Time : 19ms
2025-12-15 09:48:54.651  INFO 18264 --- [http-nio-9000-exec-8] com.instagram.common.aop.LoggingAspect   : ===================================================================================
2025-12-15 09:48:54.651  INFO 18264 --- [http-nio-9000-exec-8] c.i.post.controller.PostController       : ✅ PostController: 모든 게시물 불러오기 성공
2025-12-15 09:48:54.656  INFO 18264 --- [http-nio-9000-exec-7] com.instagram.common.aop.LoggingAspect   : [PostController.getAllPosts()] 요청 / ip : 0:0:0:0:0:0:0:1
2025-12-15 09:48:54.659  INFO 18264 --- [http-nio-9000-exec-7] com.instagram.common.aop.LoggingAspect   : ========== PostServiceImpl.getAllPosts() 서비스 호출 ==========
2025-12-15 09:48:54.659  INFO 18264 --- [http-nio-9000-exec-7] com.instagram.common.aop.LoggingAspect   : Parameter : [1]
2025-12-15 09:48:54.659  INFO 18264 --- [http-nio-9000-exec-7] c.i.post.model.service.PostServiceImpl   : ✅ PostServiceImpl: 서비스 레이어 도달 성공
2025-12-15 09:48:54.689  INFO 18264 --- [http-nio-9000-exec-7] com.instagram.common.aop.LoggingAspect   : Running Time : 30ms
2025-12-15 09:48:54.690  INFO 18264 --- [http-nio-9000-exec-7] com.instagram.common.aop.LoggingAspect   : ===================================================================================
2025-12-15 09:48:54.690  INFO 18264 --- [http-nio-9000-exec-7] c.i.post.controller.PostController       : ✅ PostController: 모든 게시물 불러오기 성공
2025-12-15 09:48:54.751  INFO 18264 --- [http-nio-9000-exec-9] com.instagram.common.aop.LoggingAspect   : [StoryController.getAllStories()] 요청 / ip : 0:0:0:0:0:0:0:1
2025-12-15 09:48:54.752  INFO 18264 --- [http-nio-9000-exec-9] com.instagram.common.aop.LoggingAspect   : ========== StoryServiceImpl.getAllStories() 서비스 호출 ==========
2025-12-15 09:48:54.752  INFO 18264 --- [http-nio-9000-exec-9] com.instagram.common.aop.LoggingAspect   : Parameter : []
2025-12-15 09:48:54.752  INFO 18264 --- [http-nio-9000-exec-9] c.i.s.model.service.StoryServiceImpl     : 💡 모든 활성 스토리 조회
2025-12-15 09:48:54.754  INFO 18264 --- [http-nio-9000-exec-9] c.i.s.model.service.StoryServiceImpl     : 💡 조회된 스토리 개수: 0
2025-12-15 09:48:54.754  INFO 18264 --- [http-nio-9000-exec-9] com.instagram.common.aop.LoggingAspect   : Running Time : 2ms
2025-12-15 09:48:54.754  INFO 18264 --- [http-nio-9000-exec-9] com.instagram.common.aop.LoggingAspect   : ===================================================================================
2025-12-15 09:48:54.778  INFO 18264 --- [http-nio-9000-exec-6] com.instagram.common.aop.LoggingAspect   : [StoryController.getAllStories()] 요청 / ip : 0:0:0:0:0:0:0:1
2025-12-15 09:48:54.779  INFO 18264 --- [http-nio-9000-exec-6] com.instagram.common.aop.LoggingAspect   : ========== StoryServiceImpl.getAllStories() 서비스 호출 ==========
2025-12-15 09:48:54.779  INFO 18264 --- [http-nio-9000-exec-6] com.instagram.common.aop.LoggingAspect   : Parameter : []
2025-12-15 09:48:54.779  INFO 18264 --- [http-nio-9000-exec-6] c.i.s.model.service.StoryServiceImpl     : 💡 모든 활성 스토리 조회
2025-12-15 09:48:54.780  INFO 18264 --- [http-nio-9000-exec-6] c.i.s.model.service.StoryServiceImpl     : 💡 조회된 스토리 개수: 0
2025-12-15 09:48:54.780  INFO 18264 --- [http-nio-9000-exec-6] com.instagram.common.aop.LoggingAspect   : Running Time : 1ms
2025-12-15 09:48:54.780  INFO 18264 --- [http-nio-9000-exec-6] com.instagram.common.aop.LoggingAspect   : ===================================================================================
2025-12-15 09:48:57.788  INFO 18264 --- [http-nio-9000-exec-5] com.instagram.common.aop.LoggingAspect   : [UserSearchController.getUserByUsername()] 요청 / ip : 0:0:0:0:0:0:0:1
2025-12-15 09:48:57.788  INFO 18264 --- [http-nio-9000-exec-5] com.instagram.common.aop.LoggingAspect   : ========== UserServiceImpl.getUserByUsername() 서비스 호출 ==========
2025-12-15 09:48:57.788  INFO 18264 --- [http-nio-9000-exec-5] com.instagram.common.aop.LoggingAspect   : Parameter : [gildong]
2025-12-15 09:48:57.789  INFO 18264 --- [http-nio-9000-exec-5] com.instagram.common.aop.LoggingAspect   : Running Time : 1ms
2025-12-15 09:48:57.789  INFO 18264 --- [http-nio-9000-exec-5] com.instagram.common.aop.LoggingAspect   : ===================================================================================
2025-12-15 09:48:57.810  INFO 18264 --- [http-nio-9000-exec-6] com.instagram.common.aop.LoggingAspect   : [PostController.getAllPostsByUserId()] 요청 / ip : 0:0:0:0:0:0:0:1
2025-12-15 09:48:57.811  INFO 18264 --- [http-nio-9000-exec-6] com.instagram.common.aop.LoggingAspect   : ========== PostServiceImpl.getPostsByUserId() 서비스 호출 ==========
2025-12-15 09:48:57.811  INFO 18264 --- [http-nio-9000-exec-6] com.instagram.common.aop.LoggingAspect   : Parameter : [1]
2025-12-15 09:48:57.833  INFO 18264 --- [http-nio-9000-exec-6] com.instagram.common.aop.LoggingAspect   : Running Time : 22ms
2025-12-15 09:48:57.835  INFO 18264 --- [http-nio-9000-exec-6] com.instagram.common.aop.LoggingAspect   : ===================================================================================
2025-12-15 09:48:57.835  INFO 18264 --- [http-nio-9000-exec-6] c.i.post.controller.PostController       : ✅ PostController: 사용자 게시물 가져오기 성공 - 사용자 ID: 1
2025-12-15 09:48:57.839  INFO 18264 --- [http-nio-9000-exec-7] com.instagram.common.aop.LoggingAspect   : [PostController.getAllPostsByUserId()] 요청 / ip : 0:0:0:0:0:0:0:1
2025-12-15 09:48:57.840  INFO 18264 --- [http-nio-9000-exec-7] com.instagram.common.aop.LoggingAspect   : ========== PostServiceImpl.getPostsByUserId() 서비스 호출 ==========
2025-12-15 09:48:57.841  INFO 18264 --- [http-nio-9000-exec-7] com.instagram.common.aop.LoggingAspect   : Parameter : [1]
2025-12-15 09:48:57.869  INFO 18264 --- [http-nio-9000-exec-7] com.instagram.common.aop.LoggingAspect   : Running Time : 28ms
2025-12-15 09:48:57.869  INFO 18264 --- [http-nio-9000-exec-7] com.instagram.common.aop.LoggingAspect   : ===================================================================================
2025-12-15 09:48:57.869  INFO 18264 --- [http-nio-9000-exec-7] c.i.post.controller.PostController       : ✅ PostController: 사용자 게시물 가져오기 성공 - 사용자 ID: 1
2025-12-15 09:48:59.000  INFO 18264 --- [http-nio-9000-exec-7] com.instagram.common.aop.LoggingAspect   : [PostController.getAllPosts()] 요청 / ip : 0:0:0:0:0:0:0:1
2025-12-15 09:48:59.001  INFO 18264 --- [http-nio-9000-exec-7] com.instagram.common.aop.LoggingAspect   : ========== PostServiceImpl.getAllPosts() 서비스 호출 ==========
2025-12-15 09:48:59.001  INFO 18264 --- [http-nio-9000-exec-7] com.instagram.common.aop.LoggingAspect   : Parameter : [1]
2025-12-15 09:48:59.001  INFO 18264 --- [http-nio-9000-exec-7] c.i.post.model.service.PostServiceImpl   : ✅ PostServiceImpl: 서비스 레이어 도달 성공
2025-12-15 09:48:59.042  INFO 18264 --- [http-nio-9000-exec-7] com.instagram.common.aop.LoggingAspect   : Running Time : 41ms
2025-12-15 09:48:59.042  INFO 18264 --- [http-nio-9000-exec-7] com.instagram.common.aop.LoggingAspect   : ===================================================================================
2025-12-15 09:48:59.043  INFO 18264 --- [http-nio-9000-exec-7] c.i.post.controller.PostController       : ✅ PostController: 모든 게시물 불러오기 성공
2025-12-15 09:48:59.048  INFO 18264 --- [http-nio-9000-exec-2] com.instagram.common.aop.LoggingAspect   : [PostController.getAllPosts()] 요청 / ip : 0:0:0:0:0:0:0:1
2025-12-15 09:48:59.051  INFO 18264 --- [http-nio-9000-exec-2] com.instagram.common.aop.LoggingAspect   : ========== PostServiceImpl.getAllPosts() 서비스 호출 ==========
2025-12-15 09:48:59.052  INFO 18264 --- [http-nio-9000-exec-2] com.instagram.common.aop.LoggingAspect   : Parameter : [1]
2025-12-15 09:48:59.052  INFO 18264 --- [http-nio-9000-exec-2] c.i.post.model.service.PostServiceImpl   : ✅ PostServiceImpl: 서비스 레이어 도달 성공
2025-12-15 09:48:59.076  INFO 18264 --- [http-nio-9000-exec-2] com.instagram.common.aop.LoggingAspect   : Running Time : 24ms
2025-12-15 09:48:59.076  INFO 18264 --- [http-nio-9000-exec-2] com.instagram.common.aop.LoggingAspect   : ===================================================================================
2025-12-15 09:48:59.076  INFO 18264 --- [http-nio-9000-exec-2] c.i.post.controller.PostController       : ✅ PostController: 모든 게시물 불러오기 성공
2025-12-15 09:48:59.106  INFO 18264 --- [http-nio-9000-exec-4] com.instagram.common.aop.LoggingAspect   : [StoryController.getAllStories()] 요청 / ip : 0:0:0:0:0:0:0:1
2025-12-15 09:48:59.107  INFO 18264 --- [http-nio-9000-exec-4] com.instagram.common.aop.LoggingAspect   : ========== StoryServiceImpl.getAllStories() 서비스 호출 ==========
2025-12-15 09:48:59.107  INFO 18264 --- [http-nio-9000-exec-4] com.instagram.common.aop.LoggingAspect   : Parameter : []
2025-12-15 09:48:59.107  INFO 18264 --- [http-nio-9000-exec-4] c.i.s.model.service.StoryServiceImpl     : 💡 모든 활성 스토리 조회
2025-12-15 09:48:59.108  INFO 18264 --- [http-nio-9000-exec-4] c.i.s.model.service.StoryServiceImpl     : 💡 조회된 스토리 개수: 0
2025-12-15 09:48:59.108  INFO 18264 --- [http-nio-9000-exec-4] com.instagram.common.aop.LoggingAspect   : Running Time : 1ms
2025-12-15 09:48:59.108  INFO 18264 --- [http-nio-9000-exec-4] com.instagram.common.aop.LoggingAspect   : ===================================================================================
2025-12-15 09:48:59.260  INFO 18264 --- [http-nio-9000-exec-8] com.instagram.common.aop.LoggingAspect   : [StoryController.getAllStories()] 요청 / ip : 0:0:0:0:0:0:0:1
2025-12-15 09:48:59.260  INFO 18264 --- [http-nio-9000-exec-8] com.instagram.common.aop.LoggingAspect   : ========== StoryServiceImpl.getAllStories() 서비스 호출 ==========
2025-12-15 09:48:59.260  INFO 18264 --- [http-nio-9000-exec-8] com.instagram.common.aop.LoggingAspect   : Parameter : []
2025-12-15 09:48:59.260  INFO 18264 --- [http-nio-9000-exec-8] c.i.s.model.service.StoryServiceImpl     : 💡 모든 활성 스토리 조회
2025-12-15 09:48:59.261  INFO 18264 --- [http-nio-9000-exec-8] c.i.s.model.service.StoryServiceImpl     : 💡 조회된 스토리 개수: 0
2025-12-15 09:48:59.261  INFO 18264 --- [http-nio-9000-exec-8] com.instagram.common.aop.LoggingAspect   : Running Time : 1ms
2025-12-15 09:48:59.261  INFO 18264 --- [http-nio-9000-exec-8] com.instagram.common.aop.LoggingAspect   : ===================================================================================
2025-12-15 09:49:00.727  INFO 18264 --- [http-nio-9000-exec-10] com.instagram.common.aop.LoggingAspect   : [UserSearchController.getUserByUsername()] 요청 / ip : 0:0:0:0:0:0:0:1
2025-12-15 09:49:00.727  INFO 18264 --- [http-nio-9000-exec-10] com.instagram.common.aop.LoggingAspect   : ========== UserServiceImpl.getUserByUsername() 서비스 호출 ==========
2025-12-15 09:49:00.727  INFO 18264 --- [http-nio-9000-exec-10] com.instagram.common.aop.LoggingAspect   : Parameter : [Emma]
2025-12-15 09:49:00.728  INFO 18264 --- [http-nio-9000-exec-10] com.instagram.common.aop.LoggingAspect   : Running Time : 1ms
2025-12-15 09:49:00.728  INFO 18264 --- [http-nio-9000-exec-10] com.instagram.common.aop.LoggingAspect   : ===================================================================================
2025-12-15 09:49:00.752  INFO 18264 --- [http-nio-9000-exec-7] com.instagram.common.aop.LoggingAspect   : [PostController.getAllPostsByUserId()] 요청 / ip : 0:0:0:0:0:0:0:1
2025-12-15 09:49:00.753  INFO 18264 --- [http-nio-9000-exec-7] com.instagram.common.aop.LoggingAspect   : ========== PostServiceImpl.getPostsByUserId() 서비스 호출 ==========
2025-12-15 09:49:00.754  INFO 18264 --- [http-nio-9000-exec-7] com.instagram.common.aop.LoggingAspect   : Parameter : [1]
2025-12-15 09:49:00.772  INFO 18264 --- [http-nio-9000-exec-7] com.instagram.common.aop.LoggingAspect   : Running Time : 18ms
2025-12-15 09:49:00.772  INFO 18264 --- [http-nio-9000-exec-7] com.instagram.common.aop.LoggingAspect   : ===================================================================================
2025-12-15 09:49:00.772  INFO 18264 --- [http-nio-9000-exec-7] c.i.post.controller.PostController       : ✅ PostController: 사용자 게시물 가져오기 성공 - 사용자 ID: 1
2025-12-15 09:49:00.777  INFO 18264 --- [http-nio-9000-exec-4] com.instagram.common.aop.LoggingAspect   : [PostController.getAllPostsByUserId()] 요청 / ip : 0:0:0:0:0:0:0:1
2025-12-15 09:49:00.777  INFO 18264 --- [http-nio-9000-exec-4] com.instagram.common.aop.LoggingAspect   : ========== PostServiceImpl.getPostsByUserId() 서비스 호출 ==========
2025-12-15 09:49:00.777  INFO 18264 --- [http-nio-9000-exec-4] com.instagram.common.aop.LoggingAspect   : Parameter : [1]
2025-12-15 09:49:00.802  INFO 18264 --- [http-nio-9000-exec-4] com.instagram.common.aop.LoggingAspect   : Running Time : 25ms
2025-12-15 09:49:00.803  INFO 18264 --- [http-nio-9000-exec-4] com.instagram.common.aop.LoggingAspect   : ===================================================================================
2025-12-15 09:49:00.803  INFO 18264 --- [http-nio-9000-exec-4] c.i.post.controller.PostController       : ✅ PostController: 사용자 게시물 가져오기 성공 - 사용자 ID: 1
2025-12-15 09:49:11.286  INFO 18264 --- [http-nio-9000-exec-3] com.instagram.common.aop.LoggingAspect   : [PostController.getAllPosts()] 요청 / ip : 0:0:0:0:0:0:0:1
2025-12-15 09:49:11.286  INFO 18264 --- [http-nio-9000-exec-3] com.instagram.common.aop.LoggingAspect   : ========== PostServiceImpl.getAllPosts() 서비스 호출 ==========
2025-12-15 09:49:11.287  INFO 18264 --- [http-nio-9000-exec-3] com.instagram.common.aop.LoggingAspect   : Parameter : [1]
2025-12-15 09:49:11.287  INFO 18264 --- [http-nio-9000-exec-3] c.i.post.model.service.PostServiceImpl   : ✅ PostServiceImpl: 서비스 레이어 도달 성공
2025-12-15 09:49:11.308  INFO 18264 --- [http-nio-9000-exec-3] com.instagram.common.aop.LoggingAspect   : Running Time : 21ms
2025-12-15 09:49:11.308  INFO 18264 --- [http-nio-9000-exec-3] com.instagram.common.aop.LoggingAspect   : ===================================================================================
2025-12-15 09:49:11.308  INFO 18264 --- [http-nio-9000-exec-3] c.i.post.controller.PostController       : ✅ PostController: 모든 게시물 불러오기 성공
2025-12-15 09:49:11.311  INFO 18264 --- [http-nio-9000-exec-2] com.instagram.common.aop.LoggingAspect   : [PostController.getAllPosts()] 요청 / ip : 0:0:0:0:0:0:0:1
2025-12-15 09:49:11.311  INFO 18264 --- [http-nio-9000-exec-2] com.instagram.common.aop.LoggingAspect   : ========== PostServiceImpl.getAllPosts() 서비스 호출 ==========
2025-12-15 09:49:11.313  INFO 18264 --- [http-nio-9000-exec-2] com.instagram.common.aop.LoggingAspect   : Parameter : [1]
2025-12-15 09:49:11.313  INFO 18264 --- [http-nio-9000-exec-2] c.i.post.model.service.PostServiceImpl   : ✅ PostServiceImpl: 서비스 레이어 도달 성공
2025-12-15 09:49:11.338  INFO 18264 --- [http-nio-9000-exec-2] com.instagram.common.aop.LoggingAspect   : Running Time : 25ms
2025-12-15 09:49:11.338  INFO 18264 --- [http-nio-9000-exec-2] com.instagram.common.aop.LoggingAspect   : ===================================================================================
2025-12-15 09:49:11.338  INFO 18264 --- [http-nio-9000-exec-2] c.i.post.controller.PostController       : ✅ PostController: 모든 게시물 불러오기 성공
2025-12-15 09:49:11.368  INFO 18264 --- [http-nio-9000-exec-10] com.instagram.common.aop.LoggingAspect   : [StoryController.getAllStories()] 요청 / ip : 0:0:0:0:0:0:0:1
2025-12-15 09:49:11.368  INFO 18264 --- [http-nio-9000-exec-10] com.instagram.common.aop.LoggingAspect   : ========== StoryServiceImpl.getAllStories() 서비스 호출 ==========
2025-12-15 09:49:11.368  INFO 18264 --- [http-nio-9000-exec-10] com.instagram.common.aop.LoggingAspect   : Parameter : []
2025-12-15 09:49:11.368  INFO 18264 --- [http-nio-9000-exec-10] c.i.s.model.service.StoryServiceImpl     : 💡 모든 활성 스토리 조회
2025-12-15 09:49:11.369  INFO 18264 --- [http-nio-9000-exec-10] c.i.s.model.service.StoryServiceImpl     : 💡 조회된 스토리 개수: 0
2025-12-15 09:49:11.370  INFO 18264 --- [http-nio-9000-exec-10] com.instagram.common.aop.LoggingAspect   : Running Time : 2ms
2025-12-15 09:49:11.370  INFO 18264 --- [http-nio-9000-exec-10] com.instagram.common.aop.LoggingAspect   : ===================================================================================
2025-12-15 09:49:11.634  INFO 18264 --- [http-nio-9000-exec-1] com.instagram.common.aop.LoggingAspect   : [StoryController.getAllStories()] 요청 / ip : 0:0:0:0:0:0:0:1
2025-12-15 09:49:11.634  INFO 18264 --- [http-nio-9000-exec-1] com.instagram.common.aop.LoggingAspect   : ========== StoryServiceImpl.getAllStories() 서비스 호출 ==========
2025-12-15 09:49:11.634  INFO 18264 --- [http-nio-9000-exec-1] com.instagram.common.aop.LoggingAspect   : Parameter : []
2025-12-15 09:49:11.634  INFO 18264 --- [http-nio-9000-exec-1] c.i.s.model.service.StoryServiceImpl     : 💡 모든 활성 스토리 조회
2025-12-15 09:49:11.635  INFO 18264 --- [http-nio-9000-exec-1] c.i.s.model.service.StoryServiceImpl     : 💡 조회된 스토리 개수: 0
2025-12-15 09:49:11.635  INFO 18264 --- [http-nio-9000-exec-1] com.instagram.common.aop.LoggingAspect   : Running Time : 1ms
2025-12-15 09:49:11.635  INFO 18264 --- [http-nio-9000-exec-1] com.instagram.common.aop.LoggingAspect   : ===================================================================================
2025-12-15 09:49:14.091  INFO 18264 --- [http-nio-9000-exec-7] com.instagram.common.aop.LoggingAspect   : [UserSearchController.getUserByUsername()] 요청 / ip : 0:0:0:0:0:0:0:1
2025-12-15 09:49:14.091  INFO 18264 --- [http-nio-9000-exec-7] com.instagram.common.aop.LoggingAspect   : ========== UserServiceImpl.getUserByUsername() 서비스 호출 ==========
2025-12-15 09:49:14.091  INFO 18264 --- [http-nio-9000-exec-7] com.instagram.common.aop.LoggingAspect   : Parameter : [gildong]
2025-12-15 09:49:14.094  INFO 18264 --- [http-nio-9000-exec-7] com.instagram.common.aop.LoggingAspect   : Running Time : 3ms
2025-12-15 09:49:14.094  INFO 18264 --- [http-nio-9000-exec-7] com.instagram.common.aop.LoggingAspect   : ===================================================================================
2025-12-15 09:49:14.112  INFO 18264 --- [http-nio-9000-exec-6] com.instagram.common.aop.LoggingAspect   : [PostController.getAllPostsByUserId()] 요청 / ip : 0:0:0:0:0:0:0:1
2025-12-15 09:49:14.115  INFO 18264 --- [http-nio-9000-exec-6] com.instagram.common.aop.LoggingAspect   : ========== PostServiceImpl.getPostsByUserId() 서비스 호출 ==========
2025-12-15 09:49:14.115  INFO 18264 --- [http-nio-9000-exec-6] com.instagram.common.aop.LoggingAspect   : Parameter : [1]
2025-12-15 09:49:14.138  INFO 18264 --- [http-nio-9000-exec-6] com.instagram.common.aop.LoggingAspect   : Running Time : 23ms
2025-12-15 09:49:14.138  INFO 18264 --- [http-nio-9000-exec-6] com.instagram.common.aop.LoggingAspect   : ===================================================================================
2025-12-15 09:49:14.138  INFO 18264 --- [http-nio-9000-exec-6] c.i.post.controller.PostController       : ✅ PostController: 사용자 게시물 가져오기 성공 - 사용자 ID: 1
2025-12-15 09:49:14.142  INFO 18264 --- [http-nio-9000-exec-2] com.instagram.common.aop.LoggingAspect   : [PostController.getAllPostsByUserId()] 요청 / ip : 0:0:0:0:0:0:0:1
2025-12-15 09:49:14.144  INFO 18264 --- [http-nio-9000-exec-2] com.instagram.common.aop.LoggingAspect   : ========== PostServiceImpl.getPostsByUserId() 서비스 호출 ==========
2025-12-15 09:49:14.144  INFO 18264 --- [http-nio-9000-exec-2] com.instagram.common.aop.LoggingAspect   : Parameter : [1]
2025-12-15 09:49:14.167  INFO 18264 --- [http-nio-9000-exec-2] com.instagram.common.aop.LoggingAspect   : Running Time : 23ms
2025-12-15 09:49:14.168  INFO 18264 --- [http-nio-9000-exec-2] com.instagram.common.aop.LoggingAspect   : ===================================================================================
2025-12-15 09:49:14.168  INFO 18264 --- [http-nio-9000-exec-2] c.i.post.controller.PostController       : ✅ PostController: 사용자 게시물 가져오기 성공 - 사용자 ID: 1
2025-12-15 09:49:15.432  INFO 18264 --- [http-nio-9000-exec-7] com.instagram.common.aop.LoggingAspect   : [PostController.getAllPosts()] 요청 / ip : 0:0:0:0:0:0:0:1
2025-12-15 09:49:15.433  INFO 18264 --- [http-nio-9000-exec-7] com.instagram.common.aop.LoggingAspect   : ========== PostServiceImpl.getAllPosts() 서비스 호출 ==========
2025-12-15 09:49:15.433  INFO 18264 --- [http-nio-9000-exec-7] com.instagram.common.aop.LoggingAspect   : Parameter : [1]
2025-12-15 09:49:15.433  INFO 18264 --- [http-nio-9000-exec-7] c.i.post.model.service.PostServiceImpl   : ✅ PostServiceImpl: 서비스 레이어 도달 성공
2025-12-15 09:49:15.454  INFO 18264 --- [http-nio-9000-exec-7] com.instagram.common.aop.LoggingAspect   : Running Time : 21ms
2025-12-15 09:49:15.455  INFO 18264 --- [http-nio-9000-exec-7] com.instagram.common.aop.LoggingAspect   : ===================================================================================
2025-12-15 09:49:15.455  INFO 18264 --- [http-nio-9000-exec-7] c.i.post.controller.PostController       : ✅ PostController: 모든 게시물 불러오기 성공
2025-12-15 09:49:15.458  INFO 18264 --- [http-nio-9000-exec-10] com.instagram.common.aop.LoggingAspect   : [PostController.getAllPosts()] 요청 / ip : 0:0:0:0:0:0:0:1
2025-12-15 09:49:15.459  INFO 18264 --- [http-nio-9000-exec-10] com.instagram.common.aop.LoggingAspect   : ========== PostServiceImpl.getAllPosts() 서비스 호출 ==========
2025-12-15 09:49:15.459  INFO 18264 --- [http-nio-9000-exec-10] com.instagram.common.aop.LoggingAspect   : Parameter : [1]
2025-12-15 09:49:15.459  INFO 18264 --- [http-nio-9000-exec-10] c.i.post.model.service.PostServiceImpl   : ✅ PostServiceImpl: 서비스 레이어 도달 성공
2025-12-15 09:49:15.482  INFO 18264 --- [http-nio-9000-exec-10] com.instagram.common.aop.LoggingAspect   : Running Time : 23ms
2025-12-15 09:49:15.484  INFO 18264 --- [http-nio-9000-exec-10] com.instagram.common.aop.LoggingAspect   : ===================================================================================
2025-12-15 09:49:15.484  INFO 18264 --- [http-nio-9000-exec-10] c.i.post.controller.PostController       : ✅ PostController: 모든 게시물 불러오기 성공
2025-12-15 09:49:15.518  INFO 18264 --- [http-nio-9000-exec-5] com.instagram.common.aop.LoggingAspect   : [StoryController.getAllStories()] 요청 / ip : 0:0:0:0:0:0:0:1
2025-12-15 09:49:15.519  INFO 18264 --- [http-nio-9000-exec-5] com.instagram.common.aop.LoggingAspect   : ========== StoryServiceImpl.getAllStories() 서비스 호출 ==========
2025-12-15 09:49:15.519  INFO 18264 --- [http-nio-9000-exec-5] com.instagram.common.aop.LoggingAspect   : Parameter : []
2025-12-15 09:49:15.519  INFO 18264 --- [http-nio-9000-exec-5] c.i.s.model.service.StoryServiceImpl     : 💡 모든 활성 스토리 조회
2025-12-15 09:49:15.520  INFO 18264 --- [http-nio-9000-exec-5] c.i.s.model.service.StoryServiceImpl     : 💡 조회된 스토리 개수: 0
2025-12-15 09:49:15.520  INFO 18264 --- [http-nio-9000-exec-5] com.instagram.common.aop.LoggingAspect   : Running Time : 1ms
2025-12-15 09:49:15.520  INFO 18264 --- [http-nio-9000-exec-5] com.instagram.common.aop.LoggingAspect   : ===================================================================================
2025-12-15 09:49:15.686  INFO 18264 --- [http-nio-9000-exec-1] com.instagram.common.aop.LoggingAspect   : [StoryController.getAllStories()] 요청 / ip : 0:0:0:0:0:0:0:1
2025-12-15 09:49:15.687  INFO 18264 --- [http-nio-9000-exec-1] com.instagram.common.aop.LoggingAspect   : ========== StoryServiceImpl.getAllStories() 서비스 호출 ==========
2025-12-15 09:49:15.687  INFO 18264 --- [http-nio-9000-exec-1] com.instagram.common.aop.LoggingAspect   : Parameter : []
2025-12-15 09:49:15.687  INFO 18264 --- [http-nio-9000-exec-1] c.i.s.model.service.StoryServiceImpl     : 💡 모든 활성 스토리 조회
2025-12-15 09:49:15.688  INFO 18264 --- [http-nio-9000-exec-1] c.i.s.model.service.StoryServiceImpl     : 💡 조회된 스토리 개수: 0
2025-12-15 09:49:15.688  INFO 18264 --- [http-nio-9000-exec-1] com.instagram.common.aop.LoggingAspect   : Running Time : 1ms
2025-12-15 09:49:15.688  INFO 18264 --- [http-nio-9000-exec-1] com.instagram.common.aop.LoggingAspect   : ===================================================================================
2025-12-15 09:56:36.922  INFO 18264 --- [http-nio-9000-exec-4] com.instagram.common.aop.LoggingAspect   : [PostController.getAllPosts()] 요청 / ip : 0:0:0:0:0:0:0:1
2025-12-15 09:56:36.924  INFO 18264 --- [http-nio-9000-exec-4] com.instagram.common.aop.LoggingAspect   : ========== PostServiceImpl.getAllPosts() 서비스 호출 ==========
2025-12-15 09:56:36.925  INFO 18264 --- [http-nio-9000-exec-4] com.instagram.common.aop.LoggingAspect   : Parameter : [3]
2025-12-15 09:56:36.925  INFO 18264 --- [http-nio-9000-exec-4] c.i.post.model.service.PostServiceImpl   : ✅ PostServiceImpl: 서비스 레이어 도달 성공
2025-12-15 09:56:36.926  INFO 18264 --- [http-nio-9000-exec-5] com.instagram.common.aop.LoggingAspect   : [PostController.getAllPosts()] 요청 / ip : 0:0:0:0:0:0:0:1
2025-12-15 09:56:36.928  INFO 18264 --- [http-nio-9000-exec-5] com.instagram.common.aop.LoggingAspect   : ========== PostServiceImpl.getAllPosts() 서비스 호출 ==========
2025-12-15 09:56:36.929  INFO 18264 --- [http-nio-9000-exec-5] com.instagram.common.aop.LoggingAspect   : Parameter : [1]
2025-12-15 09:56:36.929  INFO 18264 --- [http-nio-9000-exec-5] c.i.post.model.service.PostServiceImpl   : ✅ PostServiceImpl: 서비스 레이어 도달 성공
2025-12-15 09:56:36.958  INFO 18264 --- [http-nio-9000-exec-4] com.instagram.common.aop.LoggingAspect   : Running Time : 33ms
2025-12-15 09:56:36.959  INFO 18264 --- [http-nio-9000-exec-4] com.instagram.common.aop.LoggingAspect   : ===================================================================================
2025-12-15 09:56:36.959  INFO 18264 --- [http-nio-9000-exec-4] c.i.post.controller.PostController       : ✅ PostController: 모든 게시물 불러오기 성공
2025-12-15 09:56:36.963  INFO 18264 --- [http-nio-9000-exec-5] com.instagram.common.aop.LoggingAspect   : Running Time : 34ms
2025-12-15 09:56:36.963  INFO 18264 --- [http-nio-9000-exec-5] com.instagram.common.aop.LoggingAspect   : ===================================================================================
2025-12-15 09:56:36.963  INFO 18264 --- [http-nio-9000-exec-5] c.i.post.controller.PostController       : ✅ PostController: 모든 게시물 불러오기 성공
2025-12-15 09:56:37.078  INFO 18264 --- [http-nio-9000-exec-10] com.instagram.common.aop.LoggingAspect   : [StoryController.getAllStories()] 요청 / ip : 0:0:0:0:0:0:0:1
2025-12-15 09:56:37.078  INFO 18264 --- [http-nio-9000-exec-10] com.instagram.common.aop.LoggingAspect   : ========== StoryServiceImpl.getAllStories() 서비스 호출 ==========
2025-12-15 09:56:37.078  INFO 18264 --- [http-nio-9000-exec-10] com.instagram.common.aop.LoggingAspect   : Parameter : []
2025-12-15 09:56:37.078  INFO 18264 --- [http-nio-9000-exec-10] c.i.s.model.service.StoryServiceImpl     : 💡 모든 활성 스토리 조회
2025-12-15 09:56:37.080  INFO 18264 --- [http-nio-9000-exec-10] c.i.s.model.service.StoryServiceImpl     : 💡 조회된 스토리 개수: 0
2025-12-15 09:56:37.080  INFO 18264 --- [http-nio-9000-exec-10] com.instagram.common.aop.LoggingAspect   : Running Time : 2ms
2025-12-15 09:56:37.080  INFO 18264 --- [http-nio-9000-exec-10] com.instagram.common.aop.LoggingAspect   : ===================================================================================
2025-12-15 09:56:37.099  INFO 18264 --- [http-nio-9000-exec-1] com.instagram.common.aop.LoggingAspect   : [StoryController.getAllStories()] 요청 / ip : 0:0:0:0:0:0:0:1
2025-12-15 09:56:37.100  INFO 18264 --- [http-nio-9000-exec-1] com.instagram.common.aop.LoggingAspect   : ========== StoryServiceImpl.getAllStories() 서비스 호출 ==========
2025-12-15 09:56:37.100  INFO 18264 --- [http-nio-9000-exec-1] com.instagram.common.aop.LoggingAspect   : Parameter : []
2025-12-15 09:56:37.100  INFO 18264 --- [http-nio-9000-exec-1] c.i.s.model.service.StoryServiceImpl     : 💡 모든 활성 스토리 조회
2025-12-15 09:56:37.101  INFO 18264 --- [http-nio-9000-exec-1] c.i.s.model.service.StoryServiceImpl     : 💡 조회된 스토리 개수: 0
2025-12-15 09:56:37.101  INFO 18264 --- [http-nio-9000-exec-1] com.instagram.common.aop.LoggingAspect   : Running Time : 1ms
2025-12-15 09:56:37.101  INFO 18264 --- [http-nio-9000-exec-1] com.instagram.common.aop.LoggingAspect   : ===================================================================================
2025-12-15 10:06:43.137  INFO 18264 --- [MessageBroker-1] o.s.w.s.c.WebSocketMessageBrokerStats    : WebSocketSession[0 current WS(0)-HttpStream(0)-HttpPoll(0), 0 total, 0 closed abnormally (0 connect failure, 0 send limit, 0 transport error)], stompSubProtocol[processed CONNECT(0)-CONNECTED(0)-DISCONNECT(0)], stompBrokerRelay[null], inboundChannel[pool size = 0, active threads = 0, queued tasks = 0, completed tasks = 0], outboundChannel[pool size = 0, active threads = 0, queued tasks = 0, completed tasks = 0], sockJsScheduler[pool size = 2, active threads = 1, queued tasks = 0, completed tasks = 1]
